06-15 17:12 root         INFO     Loading starting molecules from dataset/origin_dict.csv
06-15 17:13 root         INFO     23081629 starting molecules loaded
06-15 17:13 root         INFO     190 routes extracted from dataset/routes_possible_test_hard.pkl loaded
06-15 17:13 root         INFO     Templates: one_step_model/template_rules_1.dat
06-15 17:13 root         INFO     Loading trained mlp model from one_step_model/saved_rollout_state_1_2048.ckpt
06-15 17:13 root         INFO     Initializing value model: latent_dim=128
06-15 17:13 root         INFO     Loading value nn from saved_models/best_epoch_final_4.pt
06-15 17:16 root         INFO     Final search status | success value | iter: 7.79608936963196 | inf | 500
06-15 17:16 root         INFO     Succ: 0/1/190 | avg time: 207.36 s | avg iter: 500.00
06-15 17:17 root         INFO     Synthesis route found!
06-15 17:17 root         INFO     Final search status | success value | iter: 10.045174730222675 | 10.716544293112081 | 159
06-15 17:17 root         INFO     Succ: 1/2/190 | avg time: 133.22 s | avg iter: 329.50
06-15 17:18 root         INFO     Synthesis route found!
06-15 17:18 root         INFO     Final search status | success value | iter: 5.944988133100004 | 12.447833503310626 | 42
06-15 17:18 root         INFO     Succ: 2/3/190 | avg time: 96.83 s | avg iter: 233.67
06-15 17:18 root         INFO     Synthesis route found!
06-15 17:18 root         INFO     Final search status | success value | iter: 7.009892488515176 | 6.9058614900484026 | 7
06-15 17:18 root         INFO     Succ: 3/4/190 | avg time: 73.22 s | avg iter: 177.00
06-15 17:22 root         INFO     Final search status | success value | iter: 13.39553739817667 | inf | 500
06-15 17:22 root         INFO     Succ: 3/5/190 | avg time: 108.74 s | avg iter: 241.60
06-15 17:22 root         INFO     Synthesis route found!
06-15 17:22 root         INFO     Final search status | success value | iter: 6.489202535561474 | 11.454008176575211 | 44
06-15 17:22 root         INFO     Succ: 4/6/190 | avg time: 94.38 s | avg iter: 208.67
06-15 17:24 root         INFO     Synthesis route found!
06-15 17:24 root         INFO     Final search status | success value | iter: 7.9793121723163 | 7.369135195610199 | 191
06-15 17:24 root         INFO     Succ: 5/7/190 | avg time: 99.38 s | avg iter: 206.14
06-15 17:29 root         INFO     Final search status | success value | iter: 10.325880910979276 | inf | 500
06-15 17:29 root         INFO     Succ: 5/8/190 | avg time: 118.90 s | avg iter: 242.88
06-15 17:29 root         INFO     Synthesis route found!
06-15 17:29 root         INFO     Final search status | success value | iter: 8.057600387470746 | 10.430609906916441 | 45
06-15 17:29 root         INFO     Succ: 6/9/190 | avg time: 107.78 s | avg iter: 220.89
06-15 17:30 root         INFO     Synthesis route found!
06-15 17:30 root         INFO     Final search status | success value | iter: 6.899722254776493 | 9.841124640120118 | 135
06-15 17:30 root         INFO     Succ: 7/10/190 | avg time: 102.90 s | avg iter: 212.30
06-15 17:30 root         INFO     Synthesis route found!
06-15 17:30 root         INFO     Final search status | success value | iter: 5.212174882295233 | 4.92067477405102 | 10
06-15 17:30 root         INFO     Succ: 8/11/190 | avg time: 93.98 s | avg iter: 193.91
06-15 17:30 root         INFO     Synthesis route found!
06-15 17:30 root         INFO     Final search status | success value | iter: 4.028335711494816 | 3.8076255749197863 | 13
06-15 17:30 root         INFO     Succ: 9/12/190 | avg time: 86.61 s | avg iter: 178.83
06-15 17:30 root         INFO     Synthesis route found!
06-15 17:30 root         INFO     Final search status | success value | iter: 1.176387402981793 | 0.7581505720659703 | 4
06-15 17:30 root         INFO     Succ: 10/13/190 | avg time: 80.08 s | avg iter: 165.38
06-15 17:35 root         INFO     Final search status | success value | iter: 13.179313588644467 | inf | 500
06-15 17:35 root         INFO     Succ: 10/14/190 | avg time: 93.47 s | avg iter: 189.29
06-15 17:35 root         INFO     Synthesis route found!
06-15 17:35 root         INFO     Final search status | success value | iter: 7.9616520637645465 | 8.009364445340388 | 90
06-15 17:35 root         INFO     Succ: 11/15/190 | avg time: 89.80 s | avg iter: 182.67
06-15 17:35 root         INFO     Synthesis route found!
06-15 17:35 root         INFO     Final search status | success value | iter: 1.548213941786659 | 0.4748691336957424 | 4
06-15 17:35 root         INFO     Succ: 12/16/190 | avg time: 84.28 s | avg iter: 171.50
06-15 17:36 root         INFO     Synthesis route found!
06-15 17:36 root         INFO     Final search status | success value | iter: 6.190958925672779 | 9.132361311016403 | 50
06-15 17:36 root         INFO     Succ: 13/17/190 | avg time: 80.66 s | avg iter: 164.35
06-15 17:36 root         INFO     Expansion fails on CC1=CC=CC(C)(C(F)(F)F)C1!
06-15 17:36 root         INFO     Synthesis route found!
06-15 17:36 root         INFO     Final search status | success value | iter: 2.5836475478662138 | 0.7421950827759511 | 8
06-15 17:36 root         INFO     Succ: 14/18/190 | avg time: 76.30 s | avg iter: 155.67
06-15 17:36 root         INFO     Synthesis route found!
06-15 17:36 root         INFO     Final search status | success value | iter: 7.366951489410727 | 12.967565225958172 | 41
06-15 17:36 root         INFO     Succ: 15/19/190 | avg time: 73.22 s | avg iter: 149.63
06-15 17:40 root         INFO     Synthesis route found!
06-15 17:40 root         INFO     Final search status | success value | iter: 8.352769468216328 | 8.225245711442547 | 475
06-15 17:40 root         INFO     Succ: 16/20/190 | avg time: 80.95 s | avg iter: 165.90
06-15 17:40 root         INFO     Synthesis route found!
06-15 17:40 root         INFO     Final search status | success value | iter: 5.226162644262895 | 5.1978997350288685 | 7
06-15 17:40 root         INFO     Succ: 17/21/190 | avg time: 77.22 s | avg iter: 158.33
06-15 17:42 root         INFO     Synthesis route found!
06-15 17:42 root         INFO     Final search status | success value | iter: 8.032130153212067 | 7.421953176505964 | 203
06-15 17:42 root         INFO     Succ: 18/22/190 | avg time: 80.04 s | avg iter: 160.36
06-15 17:42 root         INFO     Synthesis route found!
06-15 17:42 root         INFO     Final search status | success value | iter: 1.1181583516500841 | 1.0001170050478183 | 4
06-15 17:42 root         INFO     Succ: 19/23/190 | avg time: 76.63 s | avg iter: 153.57
06-15 17:43 root         INFO     Synthesis route found!
06-15 17:43 root         INFO     Final search status | success value | iter: 9.294887082229852 | 9.830482198594028 | 110
06-15 17:43 root         INFO     Succ: 20/24/190 | avg time: 76.57 s | avg iter: 151.75
06-15 17:48 root         INFO     Final search status | success value | iter: 9.933204649880658 | inf | 500
06-15 17:48 root         INFO     Succ: 20/25/190 | avg time: 85.07 s | avg iter: 165.68
06-15 17:48 root         INFO     Synthesis route found!
06-15 17:48 root         INFO     Final search status | success value | iter: 0.6804605201739338 | 0.15868899829325722 | 3
06-15 17:48 root         INFO     Succ: 21/26/190 | avg time: 81.84 s | avg iter: 159.42
06-15 17:52 root         INFO     Final search status | success value | iter: 9.563523863396814 | inf | 500
06-15 17:52 root         INFO     Succ: 21/27/190 | avg time: 87.76 s | avg iter: 172.04
06-15 17:55 root         INFO     Synthesis route found!
06-15 17:55 root         INFO     Final search status | success value | iter: 10.585872894599174 | 7.387991998320134 | 362
06-15 17:55 root         INFO     Succ: 22/28/190 | avg time: 90.12 s | avg iter: 178.82
06-15 17:55 root         INFO     Synthesis route found!
06-15 17:55 root         INFO     Final search status | success value | iter: 1.6148481187156267 | 0.14932378474385616 | 7
06-15 17:55 root         INFO     Succ: 23/29/190 | avg time: 87.11 s | avg iter: 172.90
06-15 17:55 root         INFO     Synthesis route found!
06-15 17:55 root         INFO     Final search status | success value | iter: 5.517683001143667 | 10.941440758757055 | 62
06-15 17:55 root         INFO     Succ: 24/30/190 | avg time: 85.10 s | avg iter: 169.20
06-15 17:56 root         INFO     Synthesis route found!
06-15 17:56 root         INFO     Final search status | success value | iter: 8.516445337428179 | 6.532388102143596 | 52
06-15 17:56 root         INFO     Succ: 25/31/190 | avg time: 83.48 s | avg iter: 165.42
06-15 17:57 root         INFO     Synthesis route found!
06-15 17:57 root         INFO     Final search status | success value | iter: 6.945226789421319 | 9.182856429967575 | 185
06-15 17:57 root         INFO     Succ: 26/32/190 | avg time: 83.69 s | avg iter: 166.03
06-15 17:58 root         INFO     Synthesis route found!
06-15 17:58 root         INFO     Final search status | success value | iter: 6.7166979511531375 | 11.681503592166873 | 21
06-15 17:58 root         INFO     Succ: 27/33/190 | avg time: 81.49 s | avg iter: 161.64
06-15 18:00 root         INFO     Synthesis route found!
06-15 18:00 root         INFO     Final search status | success value | iter: 7.83742601475802 | 9.82598181783027 | 215
06-15 18:00 root         INFO     Succ: 28/34/190 | avg time: 83.27 s | avg iter: 163.21
06-15 18:01 root         INFO     Synthesis route found!
06-15 18:01 root         INFO     Final search status | success value | iter: 5.246276120326758 | 5.6105774226293645 | 62
06-15 18:01 root         INFO     Succ: 29/35/190 | avg time: 81.75 s | avg iter: 160.31
06-15 18:02 root         INFO     Synthesis route found!
06-15 18:02 root         INFO     Final search status | success value | iter: 10.114619198692413 | 15.585892405798026 | 138
06-15 18:02 root         INFO     Succ: 30/36/190 | avg time: 81.79 s | avg iter: 159.69
06-15 18:02 root         INFO     Synthesis route found!
06-15 18:02 root         INFO     Final search status | success value | iter: 7.404578332214322 | 7.4931057495749895 | 14
06-15 18:02 root         INFO     Succ: 31/37/190 | avg time: 79.77 s | avg iter: 155.76
06-15 18:03 root         INFO     Synthesis route found!
06-15 18:03 root         INFO     Final search status | success value | iter: 8.818041205327297 | 9.182342507629905 | 159
06-15 18:03 root         INFO     Succ: 32/38/190 | avg time: 79.60 s | avg iter: 155.84
06-15 18:05 root         INFO     Synthesis route found!
06-15 18:05 root         INFO     Final search status | success value | iter: 10.515694026726202 | 10.726474745319331 | 275
06-15 18:05 root         INFO     Succ: 33/39/190 | avg time: 80.51 s | avg iter: 158.90
06-15 18:06 root         INFO     Synthesis route found!
06-15 18:06 root         INFO     Final search status | success value | iter: 6.147355042259455 | 6.793248984481405 | 63
06-15 18:06 root         INFO     Succ: 34/40/190 | avg time: 79.25 s | avg iter: 156.50
06-15 18:08 root         INFO     Synthesis route found!
06-15 18:08 root         INFO     Final search status | success value | iter: 7.934951944679314 | 7.3247749679732115 | 202
06-15 18:08 root         INFO     Succ: 35/41/190 | avg time: 80.66 s | avg iter: 157.61
06-15 18:08 root         INFO     Synthesis route found!
06-15 18:08 root         INFO     Final search status | success value | iter: 3.8069629374531204 | 3.0356701934788286 | 12
06-15 18:08 root         INFO     Succ: 36/42/190 | avg time: 78.89 s | avg iter: 154.14
06-15 18:08 root         INFO     Synthesis route found!
06-15 18:08 root         INFO     Final search status | success value | iter: 0.318775540960648 | 0.05523796181082589 | 2
06-15 18:08 root         INFO     Succ: 37/43/190 | avg time: 77.07 s | avg iter: 150.60
06-15 18:13 root         INFO     Synthesis route found!
06-15 18:13 root         INFO     Final search status | success value | iter: 8.865351158543325 | 8.255174181837226 | 393
06-15 18:13 root         INFO     Succ: 38/44/190 | avg time: 81.44 s | avg iter: 156.11
06-15 18:13 root         INFO     Synthesis route found!
06-15 18:13 root         INFO     Final search status | success value | iter: 6.915605887250611 | 11.880411528264347 | 14
06-15 18:13 root         INFO     Succ: 39/45/190 | avg time: 79.80 s | avg iter: 152.96
06-15 18:17 root         INFO     Final search status | success value | iter: 9.264720299861427 | inf | 500
06-15 18:17 root         INFO     Succ: 39/46/190 | avg time: 84.31 s | avg iter: 160.50
06-15 18:22 root         INFO     Final search status | success value | iter: 8.57394209551714 | inf | 500
06-15 18:22 root         INFO     Succ: 39/47/190 | avg time: 88.08 s | avg iter: 167.72
06-15 18:25 root         INFO     Final search status | success value | iter: 7.439002051524655 | inf | 500
06-15 18:25 root         INFO     Succ: 39/48/190 | avg time: 90.61 s | avg iter: 174.65
06-15 18:25 root         INFO     Expansion fails on Cn1oc(=O)nc1SSc1nc(=O)on1C!
06-15 18:25 root         INFO     Expansion fails on Cn1oc(=O)nc1S(=O)[O-]!
06-15 18:26 root         INFO     Expansion fails on Cn1oc(=O)nc1SC#N!
06-15 18:26 root         INFO     Expansion fails on Cn1oc(=O)nc1SC(=O)Cl!
06-15 18:26 root         INFO     Expansion fails on Cn1oc(=O)nc1SSc1nc(=O)on1C!
06-15 18:27 root         INFO     Expansion fails on Cn1oc(=O)nc1SSc1nc(=O)on1C!
06-15 18:27 root         INFO     Synthesis route found!
06-15 18:27 root         INFO     Final search status | success value | iter: 7.1882198237728865 | 6.987341264402596 | 216
06-15 18:27 root         INFO     Succ: 40/49/190 | avg time: 90.43 s | avg iter: 175.49
06-15 18:28 root         INFO     Synthesis route found!
06-15 18:28 root         INFO     Final search status | success value | iter: 9.127044111907637 | 7.307293956346232 | 132
06-15 18:28 root         INFO     Succ: 41/50/190 | avg time: 90.15 s | avg iter: 174.62
06-15 18:29 root         INFO     Synthesis route found!
06-15 18:29 root         INFO     Final search status | success value | iter: 6.742856903922017 | 12.14649707822886 | 158
06-15 18:29 root         INFO     Succ: 42/51/190 | avg time: 89.70 s | avg iter: 174.29
06-15 18:29 root         INFO     Synthesis route found!
06-15 18:29 root         INFO     Final search status | success value | iter: 1.5025888116799604 | 1.3985578132131873 | 9
06-15 18:29 root         INFO     Succ: 43/52/190 | avg time: 88.06 s | avg iter: 171.12
06-15 18:30 root         INFO     Synthesis route found!
06-15 18:30 root         INFO     Final search status | success value | iter: 5.74880875875361 | 5.563439737377078 | 114
06-15 18:30 root         INFO     Succ: 44/53/190 | avg time: 87.43 s | avg iter: 170.04
06-15 18:30 root         INFO     Synthesis route found!
06-15 18:30 root         INFO     Final search status | success value | iter: 0.9104224871990382 | 5.000990517615875 | 3
06-15 18:30 root         INFO     Succ: 45/54/190 | avg time: 85.85 s | avg iter: 166.94
06-15 18:31 root         INFO     Synthesis route found!
06-15 18:31 root         INFO     Final search status | success value | iter: 5.517694988845008 | 10.941452746458395 | 63
06-15 18:31 root         INFO     Succ: 46/55/190 | avg time: 84.82 s | avg iter: 165.05
06-15 18:31 root         INFO     Synthesis route found!
06-15 18:31 root         INFO     Final search status | success value | iter: 7.341991596855138 | 6.9088115756352275 | 8
06-15 18:31 root         INFO     Succ: 47/56/190 | avg time: 83.39 s | avg iter: 162.25
06-15 18:32 root         INFO     Synthesis route found!
06-15 18:32 root         INFO     Final search status | success value | iter: 7.663849286639351 | 6.533856110584357 | 73
06-15 18:32 root         INFO     Succ: 48/57/190 | avg time: 82.78 s | avg iter: 160.68
06-15 18:35 root         INFO     Final search status | success value | iter: 10.439873100588636 | inf | 500
06-15 18:35 root         INFO     Succ: 48/58/190 | avg time: 84.94 s | avg iter: 166.53
06-15 18:35 root         INFO     Expansion fails on C[Mg]Br!
06-15 18:35 root         INFO     Synthesis route found!
06-15 18:35 root         INFO     Final search status | success value | iter: 8.482054160206655 | 7.612762274081949 | 16
06-15 18:35 root         INFO     Succ: 49/59/190 | avg time: 83.65 s | avg iter: 163.98
06-15 18:35 root         INFO     Synthesis route found!
06-15 18:35 root         INFO     Final search status | success value | iter: 1.7561811541663472 | 0.2906568201945766 | 8
06-15 18:35 root         INFO     Succ: 50/60/190 | avg time: 82.33 s | avg iter: 161.38
06-15 18:36 root         INFO     Synthesis route found!
06-15 18:36 root         INFO     Final search status | success value | iter: 5.947780221747299 | 12.68127945908343 | 46
06-15 18:36 root         INFO     Succ: 51/61/190 | avg time: 81.30 s | avg iter: 159.49
06-15 18:37 root         INFO     Synthesis route found!
06-15 18:37 root         INFO     Final search status | success value | iter: 7.761857184587365 | 7.151680207881265 | 152
06-15 18:37 root         INFO     Succ: 52/62/190 | avg time: 81.70 s | avg iter: 159.37
06-15 18:37 root         INFO     Synthesis route found!
06-15 18:37 root         INFO     Final search status | success value | iter: 5.8834499894642365 | 5.558979373856089 | 23
06-15 18:37 root         INFO     Succ: 53/63/190 | avg time: 80.58 s | avg iter: 157.21
06-15 18:41 root         INFO     Synthesis route found!
06-15 18:41 root         INFO     Final search status | success value | iter: 9.41637614015142 | 9.166143166293313 | 295
06-15 18:41 root         INFO     Succ: 54/64/190 | avg time: 82.51 s | avg iter: 159.36
06-15 18:43 root         INFO     Synthesis route found!
06-15 18:43 root         INFO     Final search status | success value | iter: 8.864830697328975 | 15.333301711269756 | 223
06-15 18:43 root         INFO     Succ: 55/65/190 | avg time: 82.84 s | avg iter: 160.34
06-15 18:47 root         INFO     Synthesis route found!
06-15 18:47 root         INFO     Final search status | success value | iter: 8.233740378022656 | 7.5352343987782975 | 417
06-15 18:47 root         INFO     Succ: 56/66/190 | avg time: 85.28 s | avg iter: 164.23
06-15 18:47 root         INFO     Synthesis route found!
06-15 18:47 root         INFO     Final search status | success value | iter: 7.024698832072232 | 6.908198973109787 | 36
06-15 18:47 root         INFO     Succ: 57/67/190 | avg time: 84.27 s | avg iter: 162.31
06-15 18:47 root         INFO     Synthesis route found!
06-15 18:47 root         INFO     Final search status | success value | iter: 9.705546013350808 | 14.27323694432147 | 46
06-15 18:47 root         INFO     Succ: 58/68/190 | avg time: 83.30 s | avg iter: 160.60
06-15 18:48 root         INFO     Synthesis route found!
06-15 18:48 root         INFO     Final search status | success value | iter: 7.75841354853589 | 9.534258571080567 | 110
06-15 18:48 root         INFO     Succ: 59/69/190 | avg time: 82.79 s | avg iter: 159.87
06-15 18:50 root         INFO     Synthesis route found!
06-15 18:50 root         INFO     Final search status | success value | iter: 8.01564217867868 | 7.405465201972581 | 196
06-15 18:50 root         INFO     Succ: 60/70/190 | avg time: 83.52 s | avg iter: 160.39
06-15 18:52 root         INFO     Synthesis route found!
06-15 18:52 root         INFO     Final search status | success value | iter: 9.437960290349935 | 8.714301262446035 | 172
06-15 18:52 root         INFO     Succ: 61/71/190 | avg time: 83.39 s | avg iter: 160.55
06-15 18:52 root         INFO     Synthesis route found!
06-15 18:52 root         INFO     Final search status | success value | iter: 7.207393103279088 | 12.036429511452189 | 73
06-15 18:52 root         INFO     Succ: 62/72/190 | avg time: 82.66 s | avg iter: 159.33
06-15 18:52 root         INFO     Synthesis route found!
06-15 18:52 root         INFO     Final search status | success value | iter: 6.751487530810985 | 13.122864604970582 | 35
06-15 18:52 root         INFO     Succ: 63/73/190 | avg time: 81.75 s | avg iter: 157.63
06-15 18:53 root         INFO     Synthesis route found!
06-15 18:53 root         INFO     Final search status | success value | iter: 8.973510896421562 | 8.614259132452393 | 36
06-15 18:53 root         INFO     Succ: 64/74/190 | avg time: 80.97 s | avg iter: 155.99
06-15 18:53 root         INFO     Expansion fails on C=C1CC2(CC[C@]1(C)[C@H]1CC[C@]3(C)[C@@H](N(C=O)C4CC4)CC[C@H]3[C@@H]1CC#C[Si](C)(C)C)OCCO2!
06-15 18:54 root         INFO     Expansion fails on C=C1CC2(CC[C@]1(C)[C@H]1CC[C@]3(C)[C@@H](N(C=O)C4CC4)CC[C@H]3[C@@H]1CC#C[Si](C)(C)C)OCCO2!
06-15 18:56 root         INFO     Expansion fails on C=C1CC2(CC[C@]1(C)[C@H]1CC[C@]3(C)[C@@H](N(C=O)C4CC4)CC[C@H]3[C@@H]1CC#C[Si](C)(C)C)OCCO2!
06-15 18:56 root         INFO     Final search status | success value | iter: 14.606406901347247 | inf | 500
06-15 18:56 root         INFO     Succ: 64/75/190 | avg time: 82.83 s | avg iter: 160.57
06-15 18:57 root         INFO     Synthesis route found!
06-15 18:57 root         INFO     Final search status | success value | iter: 7.573298656381581 | 13.815510557964274 | 123
06-15 18:57 root         INFO     Succ: 65/76/190 | avg time: 82.42 s | avg iter: 160.08
06-15 18:58 root         INFO     Synthesis route found!
06-15 18:58 root         INFO     Final search status | success value | iter: 6.24173778667522 | 12.975237024011353 | 34
06-15 18:58 root         INFO     Succ: 66/77/190 | avg time: 81.54 s | avg iter: 158.44
06-15 18:58 root         INFO     Synthesis route found!
06-15 18:58 root         INFO     Final search status | success value | iter: 0.4964581906275217 | 0.17927037908632368 | 2
06-15 18:58 root         INFO     Succ: 67/78/190 | avg time: 80.50 s | avg iter: 156.44
06-15 18:58 root         INFO     Synthesis route found!
06-15 18:58 root         INFO     Final search status | success value | iter: 2.4826249443653157 | 4.181746485691546 | 3
06-15 18:58 root         INFO     Succ: 68/79/190 | avg time: 79.51 s | avg iter: 154.49
06-15 19:02 root         INFO     Final search status | success value | iter: 9.701983019010399 | inf | 500
06-15 19:02 root         INFO     Succ: 68/80/190 | avg time: 82.16 s | avg iter: 158.81
06-15 19:03 root         INFO     Synthesis route found!
06-15 19:03 root         INFO     Final search status | success value | iter: 7.047043432649613 | 13.205684734676336 | 118
06-15 19:03 root         INFO     Succ: 69/81/190 | avg time: 81.75 s | avg iter: 158.31
06-15 19:09 root         INFO     Final search status | success value | iter: 15.146882367097325 | inf | 500
06-15 19:09 root         INFO     Succ: 69/82/190 | avg time: 85.05 s | avg iter: 162.48
06-15 19:11 root         INFO     Synthesis route found!
06-15 19:11 root         INFO     Final search status | success value | iter: 8.116110821954326 | 6.9079095775164 | 242
06-15 19:11 root         INFO     Succ: 70/83/190 | avg time: 85.43 s | avg iter: 163.43
06-15 19:12 root         INFO     Expansion fails on C[C@@H](n1ccn(C(=O)OC(C)(C)C)c1=O)[C@@]1(c2cc(Cl)c(F)cc2F)CO1!
06-15 19:12 root         INFO     Expansion fails on C[C@@H](n1ccn(C(=O)OC(C)(C)C)c1=O)[C@@]1(c2cc(Cl)c(F)cc2F)CO1!
06-15 19:13 root         INFO     Expansion fails on C[C@@H](n1ccn(C(=O)OC(C)(C)C)c1=O)[C@@]1(c2ccc(F)c(Cl)c2F)CO1!
06-15 19:13 root         INFO     Expansion fails on C[C@@H](n1ccn(C(=O)OC(C)(C)C)c1=O)[C@@]1(c2ccc(F)c(Cl)c2F)CO1!
06-15 19:13 root         INFO     Expansion fails on C[C@@H](n1ccn(C(=O)OC(C)(C)C)c1=O)[C@@]1(c2cc(Cl)c(F)cc2F)CO1!
06-15 19:14 root         INFO     Expansion fails on C[C@@H](n1ccn(C(=O)OC(C)(C)C)c1=O)[C@@]1(c2ccc(F)c(Cl)c2F)CO1!
06-15 19:14 root         INFO     Expansion fails on C[C@@H](n1ccn(C(=O)OC(C)(C)C)c1=O)[C@@]1(c2ccc(F)c(Cl)c2F)CO1!
06-15 19:14 root         INFO     Expansion fails on C[C@@H](n1ccn(C(=O)OC(C)(C)C)c1=O)[C@@]1(c2cc(Cl)c(F)cc2F)CO1!
06-15 19:14 root         INFO     Expansion fails on C[C@@H](n1ccn(C(=O)OC(C)(C)C)c1=O)[C@@]1(c2cc(Cl)c(F)cc2F)CO1!
06-15 19:15 root         INFO     Final search status | success value | iter: 10.87741517233895 | inf | 500
06-15 19:15 root         INFO     Succ: 70/84/190 | avg time: 86.90 s | avg iter: 167.44
06-15 19:15 root         INFO     Synthesis route found!
06-15 19:15 root         INFO     Final search status | success value | iter: 6.145628877944855 | 10.153773626822892 | 69
06-15 19:15 root         INFO     Succ: 71/85/190 | avg time: 86.38 s | avg iter: 166.28
06-15 19:15 root         INFO     Synthesis route found!
06-15 19:15 root         INFO     Final search status | success value | iter: 8.507154421750727 | 13.720673433698579 | 31
06-15 19:15 root         INFO     Succ: 72/86/190 | avg time: 85.54 s | avg iter: 164.71
06-15 19:16 root         INFO     Synthesis route found!
06-15 19:16 root         INFO     Final search status | success value | iter: 7.14676340645441 | 12.554105966720103 | 40
06-15 19:16 root         INFO     Succ: 73/87/190 | avg time: 84.83 s | avg iter: 163.28
06-15 19:19 root         INFO     Synthesis route found!
06-15 19:19 root         INFO     Final search status | success value | iter: 10.670916191019048 | 16.7403876331596 | 329
06-15 19:19 root         INFO     Succ: 74/88/190 | avg time: 85.80 s | avg iter: 165.16
06-15 19:19 root         INFO     Expansion fails on CC1=CC=CC(C)(C(F)(F)F)C1!
06-15 19:19 root         INFO     Synthesis route found!
06-15 19:19 root         INFO     Final search status | success value | iter: 2.583955852816272 | 0.7425033877260092 | 9
06-15 19:19 root         INFO     Succ: 75/89/190 | avg time: 84.86 s | avg iter: 163.40
06-15 19:21 root         INFO     Synthesis route found!
06-15 19:21 root         INFO     Final search status | success value | iter: 8.818004513962492 | 9.1823058162651 | 236
06-15 19:21 root         INFO     Succ: 76/90/190 | avg time: 85.11 s | avg iter: 164.21
06-15 19:23 root         INFO     Synthesis route found!
06-15 19:23 root         INFO     Final search status | success value | iter: 9.513031263701524 | 8.924087632324104 | 406
06-15 19:23 root         INFO     Succ: 77/91/190 | avg time: 85.98 s | avg iter: 166.87
06-15 19:23 root         INFO     Synthesis route found!
06-15 19:23 root         INFO     Final search status | success value | iter: 1.3206808013516231 | 0.9619496102920264 | 6
06-15 19:23 root         INFO     Succ: 78/92/190 | avg time: 85.07 s | avg iter: 165.12
06-15 19:23 root         INFO     Synthesis route found!
06-15 19:23 root         INFO     Final search status | success value | iter: 1.5194835635037653 | 1.917973715556325 | 4
06-15 19:23 root         INFO     Succ: 79/93/190 | avg time: 84.18 s | avg iter: 163.39
06-15 19:23 root         INFO     Synthesis route found!
06-15 19:23 root         INFO     Final search status | success value | iter: 0.46881009826073416 | 0.10300142925850161 | 4
06-15 19:23 root         INFO     Succ: 80/94/190 | avg time: 83.30 s | avg iter: 161.69
06-15 19:28 root         INFO     Final search status | success value | iter: 9.9162584080658 | inf | 500
06-15 19:28 root         INFO     Succ: 80/95/190 | avg time: 85.62 s | avg iter: 165.25
06-15 19:29 root         INFO     Synthesis route found!
06-15 19:29 root         INFO     Final search status | success value | iter: 6.616970719318376 | 12.988347793477974 | 26
06-15 19:29 root         INFO     Succ: 81/96/190 | avg time: 84.85 s | avg iter: 163.80
06-15 19:30 root         INFO     Synthesis route found!
06-15 19:30 root         INFO     Final search status | success value | iter: 7.539389532959074 | 12.354450652239212 | 169
06-15 19:30 root         INFO     Succ: 82/97/190 | avg time: 84.76 s | avg iter: 163.86
06-15 19:32 root         INFO     Synthesis route found!
06-15 19:32 root         INFO     Final search status | success value | iter: 8.79663337037324 | 7.563323918378505 | 225
06-15 19:32 root         INFO     Succ: 83/98/190 | avg time: 85.08 s | avg iter: 164.48
06-15 19:32 root         INFO     Synthesis route found!
06-15 19:32 root         INFO     Final search status | success value | iter: 6.095166716262438 | 12.613827910743307 | 44
06-15 19:32 root         INFO     Succ: 84/99/190 | avg time: 84.49 s | avg iter: 163.26
06-15 19:33 root         INFO     Synthesis route found!
06-15 19:33 root         INFO     Final search status | success value | iter: 8.576332457304574 | 13.943667209073473 | 109
06-15 19:33 root         INFO     Succ: 85/100/190 | avg time: 84.08 s | avg iter: 162.72
06-15 19:34 root         INFO     Synthesis route found!
06-15 19:34 root         INFO     Final search status | success value | iter: 7.1161537569125555 | 10.05755614225618 | 186
06-15 19:34 root         INFO     Succ: 86/101/190 | avg time: 84.09 s | avg iter: 162.95
06-15 19:39 root         INFO     Synthesis route found!
06-15 19:39 root         INFO     Final search status | success value | iter: 8.799651894227116 | 8.189474917521014 | 373
06-15 19:39 root         INFO     Succ: 87/102/190 | avg time: 85.77 s | avg iter: 165.01
06-15 19:43 root         INFO     Final search status | success value | iter: 10.320455325897875 | inf | 500
06-15 19:43 root         INFO     Succ: 87/103/190 | avg time: 87.54 s | avg iter: 168.26
06-15 19:47 root         INFO     Final search status | success value | iter: 12.026174476340907 | inf | 500
06-15 19:47 root         INFO     Succ: 87/104/190 | avg time: 88.95 s | avg iter: 171.45
06-15 19:48 root         INFO     Synthesis route found!
06-15 19:48 root         INFO     Final search status | success value | iter: 8.577171806081383 | 13.944506557850282 | 130
06-15 19:48 root         INFO     Succ: 88/105/190 | avg time: 88.57 s | avg iter: 171.06
06-15 19:48 root         INFO     Synthesis route found!
06-15 19:48 root         INFO     Final search status | success value | iter: 5.657560653277961 | 9.60276576803087 | 29
06-15 19:48 root         INFO     Succ: 89/106/190 | avg time: 87.86 s | avg iter: 169.72
06-15 19:48 root         INFO     Synthesis route found!
06-15 19:48 root         INFO     Final search status | success value | iter: 6.810357755669039 | 8.671365567549152 | 28
06-15 19:48 root         INFO     Succ: 90/107/190 | avg time: 87.18 s | avg iter: 168.39
06-15 19:48 root         INFO     Synthesis route found!
06-15 19:48 root         INFO     Final search status | success value | iter: 1.1349777555698202 | 0.7762465645102236 | 6
06-15 19:48 root         INFO     Succ: 91/108/190 | avg time: 86.39 s | avg iter: 166.89
06-15 19:48 root         INFO     Synthesis route found!
06-15 19:48 root         INFO     Final search status | success value | iter: 5.212211223682192 | 4.920711115437978 | 11
06-15 19:48 root         INFO     Succ: 92/109/190 | avg time: 85.65 s | avg iter: 165.46
06-15 19:49 root         INFO     Synthesis route found!
06-15 19:49 root         INFO     Final search status | success value | iter: 7.018626731978176 | 5.880621804064017 | 26
06-15 19:49 root         INFO     Succ: 93/110/190 | avg time: 84.97 s | avg iter: 164.19
06-15 19:50 root         INFO     Synthesis route found!
06-15 19:50 root         INFO     Final search status | success value | iter: 8.724351948541894 | 14.091686700310794 | 142
06-15 19:50 root         INFO     Succ: 94/111/190 | avg time: 84.68 s | avg iter: 163.99
06-15 19:50 root         INFO     Synthesis route found!
06-15 19:50 root         INFO     Final search status | success value | iter: 2.5934318294405423 | 1.8221390854662503 | 7
06-15 19:50 root         INFO     Succ: 95/112/190 | avg time: 83.96 s | avg iter: 162.59
06-15 19:50 root         INFO     Synthesis route found!
06-15 19:50 root         INFO     Final search status | success value | iter: 6.45402232478439 | 7.099916267006339 | 73
06-15 19:50 root         INFO     Succ: 96/113/190 | avg time: 83.53 s | avg iter: 161.80
06-15 19:50 root         INFO     Synthesis route found!
06-15 19:50 root         INFO     Final search status | success value | iter: 0.5399271455631234 | 0.31174833145021114 | 7
06-15 19:50 root         INFO     Succ: 97/114/190 | avg time: 82.83 s | avg iter: 160.44
06-15 19:51 root         INFO     Synthesis route found!
06-15 19:51 root         INFO     Final search status | success value | iter: 12.774548481368551 | 12.485214251826438 | 165
06-15 19:51 root         INFO     Succ: 98/115/190 | avg time: 82.68 s | avg iter: 160.48
06-15 19:55 root         INFO     Final search status | success value | iter: 8.793604586090908 | inf | 500
06-15 19:55 root         INFO     Succ: 98/116/190 | avg time: 83.76 s | avg iter: 163.41
06-15 19:55 root         INFO     Expansion fails on Cn1oc(=O)nc1SSc1nc(=O)on1C!
06-15 19:55 root         INFO     Expansion fails on Cn1oc(=O)nc1S(=O)[O-]!
06-15 19:55 root         INFO     Expansion fails on Cn1oc(=O)nc1SC#N!
06-15 19:55 root         INFO     Expansion fails on Cn1oc(=O)nc1SC(=O)Cl!
06-15 19:56 root         INFO     Expansion fails on Cn1oc(=O)nc1SSc1nc(=O)on1C!
06-15 19:56 root         INFO     Expansion fails on Cn1oc(=O)nc1SSc1nc(=O)on1C!
06-15 19:56 root         INFO     Synthesis route found!
06-15 19:56 root         INFO     Final search status | success value | iter: 7.168810513517592 | 6.967931954147301 | 197
06-15 19:56 root         INFO     Succ: 99/117/190 | avg time: 83.70 s | avg iter: 163.69
06-15 19:56 root         INFO     Synthesis route found!
06-15 19:56 root         INFO     Final search status | success value | iter: 7.776533785321202 | 7.254172452598771 | 21
06-15 19:56 root         INFO     Succ: 100/118/190 | avg time: 83.12 s | avg iter: 162.48
06-15 20:02 root         INFO     Final search status | success value | iter: 9.095089526361068 | inf | 500
06-15 20:02 root         INFO     Succ: 100/119/190 | avg time: 85.34 s | avg iter: 165.32
06-15 20:03 root         INFO     Synthesis route found!
06-15 20:03 root         INFO     Final search status | success value | iter: 10.594226691591802 | 15.161917622562465 | 114
06-15 20:03 root         INFO     Succ: 101/120/190 | avg time: 85.02 s | avg iter: 164.89
06-15 20:03 root         INFO     Synthesis route found!
06-15 20:03 root         INFO     Final search status | success value | iter: 0.8509128100748279 | 7.666692631090637 | 6
06-15 20:03 root         INFO     Succ: 102/121/190 | avg time: 84.34 s | avg iter: 163.58
06-15 20:03 root         INFO     Synthesis route found!
06-15 20:03 root         INFO     Final search status | success value | iter: 5.878286519987864 | 5.779989952797296 | 19
06-15 20:03 root         INFO     Succ: 103/122/190 | avg time: 83.72 s | avg iter: 162.39
06-15 20:03 root         INFO     Synthesis route found!
06-15 20:03 root         INFO     Final search status | success value | iter: 7.1466374725500605 | 12.553980032815753 | 40
06-15 20:03 root         INFO     Succ: 104/123/190 | avg time: 83.22 s | avg iter: 161.40
06-15 20:09 root         INFO     Final search status | success value | iter: 11.271721810676734 | inf | 500
06-15 20:09 root         INFO     Succ: 104/124/190 | avg time: 85.40 s | avg iter: 164.13
06-15 20:10 root         INFO     Synthesis route found!
06-15 20:10 root         INFO     Final search status | success value | iter: 5.96402789989538 | 12.697527137231514 | 48
06-15 20:10 root         INFO     Succ: 105/125/190 | avg time: 84.86 s | avg iter: 163.20
06-15 20:13 root         INFO     Final search status | success value | iter: 8.63394929230013 | inf | 500
06-15 20:13 root         INFO     Succ: 105/126/190 | avg time: 85.89 s | avg iter: 165.87
06-15 20:17 root         INFO     Synthesis route found!
06-15 20:17 root         INFO     Final search status | success value | iter: 9.548143371931987 | 8.937966395225887 | 320
06-15 20:17 root         INFO     Succ: 106/127/190 | avg time: 86.97 s | avg iter: 167.09
06-15 20:17 root         INFO     Synthesis route found!
06-15 20:17 root         INFO     Final search status | success value | iter: 4.030035831064066 | 3.8093256944890372 | 14
06-15 20:17 root         INFO     Succ: 107/128/190 | avg time: 86.34 s | avg iter: 165.89
06-15 20:17 root         INFO     Synthesis route found!
06-15 20:17 root         INFO     Final search status | success value | iter: 1.5774189394786216 | 1.2186877484190248 | 6
06-15 20:17 root         INFO     Succ: 108/129/190 | avg time: 85.69 s | avg iter: 164.65
06-15 20:18 root         INFO     Synthesis route found!
06-15 20:18 root         INFO     Final search status | success value | iter: 7.249778499889849 | 9.463560139720286 | 92
06-15 20:18 root         INFO     Succ: 109/130/190 | avg time: 85.35 s | avg iter: 164.09
06-15 20:20 root         INFO     Synthesis route found!
06-15 20:20 root         INFO     Final search status | success value | iter: 8.496226003073918 | 7.288024758635994 | 335
06-15 20:20 root         INFO     Succ: 110/131/190 | avg time: 85.94 s | avg iter: 165.40
06-15 20:22 root         INFO     Synthesis route found!
06-15 20:22 root         INFO     Final search status | success value | iter: 9.908083410501956 | 10.118864129095089 | 255
06-15 20:22 root         INFO     Succ: 111/132/190 | avg time: 86.06 s | avg iter: 166.08
06-15 20:23 root         INFO     Synthesis route found!
06-15 20:23 root         INFO     Final search status | success value | iter: 5.646291771221646 | 5.460922749845115 | 100
06-15 20:23 root         INFO     Succ: 112/133/190 | avg time: 85.76 s | avg iter: 165.58
06-15 20:23 root         INFO     Synthesis route found!
06-15 20:23 root         INFO     Final search status | success value | iter: 1.6150254213444568 | 0.14950108737268622 | 8
06-15 20:23 root         INFO     Succ: 113/134/190 | avg time: 85.14 s | avg iter: 164.40
06-15 20:26 root         INFO     Synthesis route found!
06-15 20:26 root         INFO     Final search status | success value | iter: 9.57393156950734 | 8.98498793812992 | 456
06-15 20:26 root         INFO     Succ: 114/135/190 | avg time: 85.86 s | avg iter: 166.56
06-15 20:26 root         INFO     Synthesis route found!
06-15 20:26 root         INFO     Final search status | success value | iter: 7.050054930741789 | 7.0076348971084945 | 45
06-15 20:26 root         INFO     Succ: 115/136/190 | avg time: 85.34 s | avg iter: 165.67
06-15 20:26 root         INFO     Synthesis route found!
06-15 20:26 root         INFO     Final search status | success value | iter: 10.19827380124471 | 11.675772257016813 | 2
06-15 20:26 root         INFO     Succ: 116/137/190 | avg time: 84.73 s | avg iter: 164.47
06-15 20:26 root         INFO     Synthesis route found!
06-15 20:26 root         INFO     Final search status | success value | iter: 6.834086827097718 | 13.597697407102386 | 11
06-15 20:26 root         INFO     Succ: 117/138/190 | avg time: 84.16 s | avg iter: 163.36
06-15 20:26 root         INFO     Synthesis route found!
06-15 20:26 root         INFO     Final search status | success value | iter: 2.48228650881346 | 4.18140805013969 | 2
06-15 20:26 root         INFO     Succ: 118/139/190 | avg time: 83.56 s | avg iter: 162.20
06-15 20:28 root         INFO     Synthesis route found!
06-15 20:28 root         INFO     Final search status | success value | iter: 9.588424194973042 | 9.338191221114936 | 178
06-15 20:28 root         INFO     Succ: 119/140/190 | avg time: 83.68 s | avg iter: 162.31
06-15 20:28 root         INFO     Synthesis route found!
06-15 20:28 root         INFO     Final search status | success value | iter: 8.51835577550118 | 8.606883192861847 | 21
06-15 20:28 root         INFO     Succ: 120/141/190 | avg time: 83.14 s | avg iter: 161.31
06-15 20:30 root         INFO     Synthesis route found!
06-15 20:30 root         INFO     Final search status | success value | iter: 7.4043690496785 | 7.122860457233372 | 369
06-15 20:30 root         INFO     Succ: 121/142/190 | avg time: 83.39 s | avg iter: 162.77
06-15 20:30 root         INFO     Synthesis route found!
06-15 20:30 root         INFO     Final search status | success value | iter: 0.3189691689972287 | 0.05543158984740659 | 3
06-15 20:30 root         INFO     Succ: 122/143/190 | avg time: 82.81 s | avg iter: 161.66
06-15 20:32 root         INFO     Synthesis route found!
06-15 20:32 root         INFO     Final search status | success value | iter: 10.242288493551229 | 9.547547648238766 | 242
06-15 20:32 root         INFO     Succ: 123/144/190 | avg time: 82.91 s | avg iter: 162.22
06-15 20:32 root         INFO     Synthesis route found!
06-15 20:32 root         INFO     Final search status | success value | iter: 0.28045712841374093 | 0.12211686311299406 | 4
06-15 20:32 root         INFO     Succ: 124/145/190 | avg time: 82.35 s | avg iter: 161.12
06-15 20:32 root         INFO     Synthesis route found!
06-15 20:32 root         INFO     Final search status | success value | iter: 7.065033482564985 | 6.961002484098212 | 9
06-15 20:32 root         INFO     Succ: 125/146/190 | avg time: 81.81 s | avg iter: 160.08
06-15 20:32 root         INFO     Synthesis route found!
06-15 20:32 root         INFO     Final search status | success value | iter: 1.6146162492836738 | 0.1490919153119033 | 6
06-15 20:32 root         INFO     Succ: 126/147/190 | avg time: 81.26 s | avg iter: 159.03
06-15 20:34 root         INFO     Synthesis route found!
06-15 20:34 root         INFO     Final search status | success value | iter: 8.491260605861783 | 8.855561908164391 | 287
06-15 20:34 root         INFO     Succ: 127/148/190 | avg time: 81.44 s | avg iter: 159.90
06-15 20:34 root         INFO     Synthesis route found!
06-15 20:34 root         INFO     Final search status | success value | iter: 0.36117959572123237 | 0.0024484046616356048 | 5
06-15 20:34 root         INFO     Succ: 128/149/190 | avg time: 80.90 s | avg iter: 158.86
06-15 20:36 root         INFO     Synthesis route found!
06-15 20:36 root         INFO     Final search status | success value | iter: 9.661659691913545 | 10.197254808277721 | 194
06-15 20:36 root         INFO     Succ: 129/150/190 | avg time: 81.10 s | avg iter: 159.09
06-15 20:38 root         INFO     Synthesis route found!
06-15 20:38 root         INFO     Final search status | success value | iter: 8.217715509611578 | 7.607538532905476 | 231
06-15 20:38 root         INFO     Succ: 130/151/190 | avg time: 81.41 s | avg iter: 159.57
06-15 20:38 root         INFO     Synthesis route found!
06-15 20:38 root         INFO     Final search status | success value | iter: 1.6167006578318925 | 0.15117632386012203 | 8
06-15 20:38 root         INFO     Succ: 131/152/190 | avg time: 80.89 s | avg iter: 158.57
06-15 20:40 root         INFO     Synthesis route found!
06-15 20:40 root         INFO     Final search status | success value | iter: 8.657627025796502 | 8.0474500490904 | 274
06-15 20:40 root         INFO     Succ: 132/153/190 | avg time: 81.36 s | avg iter: 159.33
06-15 20:40 root         INFO     Synthesis route found!
06-15 20:40 root         INFO     Final search status | success value | iter: 1.9790106002578554 | 1.8609692536555893 | 4
06-15 20:40 root         INFO     Succ: 133/154/190 | avg time: 80.85 s | avg iter: 158.32
06-15 20:40 root         INFO     Synthesis route found!
06-15 20:40 root         INFO     Final search status | success value | iter: 5.212145349407591 | 4.920645241163378 | 9
06-15 20:40 root         INFO     Succ: 134/155/190 | avg time: 80.35 s | avg iter: 157.35
06-15 20:40 root         INFO     Synthesis route found!
06-15 20:40 root         INFO     Final search status | success value | iter: 1.8832081756411816 | 0.9929878370006886 | 6
06-15 20:40 root         INFO     Succ: 135/156/190 | avg time: 79.85 s | avg iter: 156.38
06-15 20:43 root         INFO     Final search status | success value | iter: 8.997391237184834 | inf | 500
06-15 20:43 root         INFO     Succ: 135/157/190 | avg time: 80.43 s | avg iter: 158.57
06-15 20:45 root         INFO     Synthesis route found!
06-15 20:45 root         INFO     Final search status | success value | iter: 7.76258341461361 | 7.152406437907512 | 153
06-15 20:45 root         INFO     Succ: 136/158/190 | avg time: 80.45 s | avg iter: 158.54
06-15 20:46 root         INFO     Synthesis route found!
06-15 20:46 root         INFO     Final search status | success value | iter: 8.818317110704943 | 9.18261841300755 | 179
06-15 20:46 root         INFO     Succ: 137/159/190 | avg time: 80.38 s | avg iter: 158.67
06-15 20:49 root         INFO     Final search status | success value | iter: 8.881147511664306 | inf | 500
06-15 20:49 root         INFO     Succ: 137/160/190 | avg time: 80.96 s | avg iter: 160.80
06-15 20:52 root         INFO     Synthesis route found!
06-15 20:52 root         INFO     Final search status | success value | iter: 9.251332681813572 | 9.001099707955465 | 294
06-15 20:52 root         INFO     Succ: 138/161/190 | avg time: 81.48 s | avg iter: 161.63
06-15 20:52 root         INFO     Synthesis route found!
06-15 20:52 root         INFO     Final search status | success value | iter: 2.963645913119671 | 2.8596149146528993 | 9
06-15 20:52 root         INFO     Succ: 139/162/190 | avg time: 81.00 s | avg iter: 160.69
06-15 20:59 root         INFO     Final search status | success value | iter: 6.7614876449928145 | inf | 500
06-15 20:59 root         INFO     Succ: 139/163/190 | avg time: 83.40 s | avg iter: 162.77
06-15 21:00 root         INFO     Synthesis route found!
06-15 21:00 root         INFO     Final search status | success value | iter: 7.313722734493189 | 7.057991237602223 | 149
06-15 21:00 root         INFO     Succ: 140/164/190 | avg time: 83.26 s | avg iter: 162.68
06-15 21:02 root         INFO     Synthesis route found!
06-15 21:02 root         INFO     Final search status | success value | iter: 7.404308499751821 | 7.1227999073066925 | 355
06-15 21:02 root         INFO     Succ: 141/165/190 | avg time: 83.43 s | avg iter: 163.85
06-15 21:03 root         INFO     Synthesis route found!
06-15 21:03 root         INFO     Final search status | success value | iter: 7.520982705987905 | 6.924602190357145 | 161
06-15 21:03 root         INFO     Succ: 142/166/190 | avg time: 83.32 s | avg iter: 163.83
06-15 21:04 root         INFO     Synthesis route found!
06-15 21:04 root         INFO     Final search status | success value | iter: 6.103558224657625 | 5.779087609049478 | 20
06-15 21:04 root         INFO     Succ: 143/167/190 | avg time: 82.87 s | avg iter: 162.97
06-15 21:04 root         INFO     Synthesis route found!
06-15 21:04 root         INFO     Final search status | success value | iter: 1.519458882803251 | 1.9179490348558106 | 3
06-15 21:04 root         INFO     Succ: 144/168/190 | avg time: 82.38 s | avg iter: 162.02
06-15 21:04 root         INFO     Synthesis route found!
06-15 21:04 root         INFO     Final search status | success value | iter: 0.43534486321004645 | 0.408033612781656 | 2
06-15 21:04 root         INFO     Succ: 145/169/190 | avg time: 81.90 s | avg iter: 161.07
06-15 21:04 root         INFO     Synthesis route found!
06-15 21:04 root         INFO     Final search status | success value | iter: 7.653182410634969 | 6.919384684421133 | 132
06-15 21:04 root         INFO     Succ: 146/170/190 | avg time: 81.69 s | avg iter: 160.90
06-15 21:04 root         INFO     Synthesis route found!
06-15 21:04 root         INFO     Final search status | success value | iter: 0.39588033767018904 | 0.037149146610592224 | 6
06-15 21:04 root         INFO     Succ: 147/171/190 | avg time: 81.22 s | avg iter: 159.99
06-15 21:05 root         INFO     Synthesis route found!
06-15 21:05 root         INFO     Final search status | success value | iter: 6.96342424396417 | 7.308992413465278 | 54
06-15 21:05 root         INFO     Succ: 148/172/190 | avg time: 80.90 s | avg iter: 159.38
06-15 21:06 root         INFO     Synthesis route found!
06-15 21:06 root         INFO     Final search status | success value | iter: 8.007612439149787 | 7.8257287719299775 | 132
06-15 21:06 root         INFO     Succ: 149/173/190 | avg time: 80.77 s | avg iter: 159.22
06-15 21:07 root         INFO     Synthesis route found!
06-15 21:07 root         INFO     Final search status | success value | iter: 9.858936155037977 | 10.06971687363111 | 241
06-15 21:07 root         INFO     Succ: 150/174/190 | avg time: 80.79 s | avg iter: 159.69
06-15 21:08 root         INFO     Synthesis route found!
06-15 21:08 root         INFO     Final search status | success value | iter: 8.992243646862462 | 9.731715539065604 | 98
06-15 21:08 root         INFO     Succ: 151/175/190 | avg time: 80.65 s | avg iter: 159.34
06-15 21:09 root         INFO     Synthesis route found!
06-15 21:09 root         INFO     Final search status | success value | iter: 8.189521456768958 | 14.5029653792066 | 82
06-15 21:09 root         INFO     Succ: 152/176/190 | avg time: 80.34 s | avg iter: 158.90
06-15 21:09 root         INFO     Synthesis route found!
06-15 21:09 root         INFO     Final search status | success value | iter: 7.601549465732742 | 13.202163202280184 | 69
06-15 21:09 root         INFO     Succ: 153/177/190 | avg time: 80.03 s | avg iter: 158.39
06-15 21:13 root         INFO     Final search status | success value | iter: 10.312972642044596 | inf | 500
06-15 21:13 root         INFO     Succ: 153/178/190 | avg time: 80.78 s | avg iter: 160.31
06-15 21:13 root         INFO     Synthesis route found!
06-15 21:13 root         INFO     Final search status | success value | iter: 7.350249194539998 | 8.010488818423815 | 12
06-15 21:13 root         INFO     Succ: 154/179/190 | avg time: 80.37 s | avg iter: 159.48
06-15 21:16 root         INFO     Final search status | success value | iter: 11.743108259019882 | inf | 500
06-15 21:16 root         INFO     Succ: 154/180/190 | avg time: 80.94 s | avg iter: 161.37
06-15 21:16 root         INFO     Synthesis route found!
06-15 21:16 root         INFO     Final search status | success value | iter: 0.6853107157102163 | 0.1635391938295399 | 4
06-15 21:16 root         INFO     Succ: 155/181/190 | avg time: 80.51 s | avg iter: 160.50
06-15 21:16 root         INFO     Synthesis route found!
06-15 21:16 root         INFO     Final search status | success value | iter: 8.288436772243655 | 9.380352818909243 | 35
06-15 21:16 root         INFO     Succ: 156/182/190 | avg time: 80.13 s | avg iter: 159.81
06-15 21:16 root         INFO     Synthesis route found!
06-15 21:16 root         INFO     Final search status | success value | iter: 7.24767860664517 | 13.36846958833269 | 36
06-15 21:16 root         INFO     Succ: 157/183/190 | avg time: 79.76 s | avg iter: 159.14
06-15 21:16 root         INFO     Synthesis route found!
06-15 21:16 root         INFO     Final search status | success value | iter: 4.6701058751001785 | 5.271617625885973 | 9
06-15 21:16 root         INFO     Succ: 158/184/190 | avg time: 79.35 s | avg iter: 158.32
06-15 21:19 root         INFO     Synthesis route found!
06-15 21:19 root         INFO     Final search status | success value | iter: 7.369115821665794 | 13.949315682633404 | 449
06-15 21:19 root         INFO     Succ: 159/185/190 | avg time: 79.77 s | avg iter: 159.89
06-15 21:19 root         INFO     Synthesis route found!
06-15 21:19 root         INFO     Final search status | success value | iter: 0.14651114479194535 | 0.006234685653477574 | 4
06-15 21:19 root         INFO     Succ: 160/186/190 | avg time: 79.35 s | avg iter: 159.05
06-15 21:21 root         INFO     Synthesis route found!
06-15 21:21 root         INFO     Final search status | success value | iter: 8.465449985081001 | 7.257248740643077 | 323
06-15 21:21 root         INFO     Succ: 161/187/190 | avg time: 79.62 s | avg iter: 159.93
06-15 21:21 root         INFO     Synthesis route found!
06-15 21:21 root         INFO     Final search status | success value | iter: 1.6171285330581768 | 0.15160419908640632 | 8
06-15 21:21 root         INFO     Succ: 162/188/190 | avg time: 79.22 s | avg iter: 159.12
06-15 21:23 root         INFO     Synthesis route found!
06-15 21:23 root         INFO     Final search status | success value | iter: 7.959429780131339 | 7.349252803425238 | 183
06-15 21:23 root         INFO     Succ: 163/189/190 | avg time: 79.35 s | avg iter: 159.25
06-15 21:26 root         INFO     Synthesis route found!
06-15 21:26 root         INFO     Final search status | success value | iter: 8.969477099506802 | 14.250511929068681 | 308
06-15 21:26 root         INFO     Succ: 164/190/190 | avg time: 79.84 s | avg iter: 160.03
