06-16 17:47 root         INFO     Loading starting molecules from dataset/origin_dict.csv
06-16 17:47 root         INFO     23081629 starting molecules loaded
06-16 17:47 root         INFO     190 routes extracted from dataset/routes_possible_test_hard.pkl loaded
06-16 17:47 root         INFO     Templates: one_step_model/template_rules_1.dat
06-16 17:47 root         INFO     Loading trained mlp model from one_step_model/saved_rollout_state_1_2048.ckpt
06-16 17:48 root         INFO     Initializing value model: latent_dim=128
06-16 17:48 root         INFO     Loading value nn from saved_models/best_epoch_final_4.pt
06-16 17:48 root         INFO     Final search status | success value | iter: 6.688619028803695 | inf | 100
06-16 17:48 root         INFO     Succ: 0/1/190 | avg time: 45.10 s | avg iter: 100.00
06-16 17:49 root         INFO     Final search status | success value | iter: 10.113948701865624 | inf | 100
06-16 17:49 root         INFO     Succ: 0/2/190 | avg time: 43.12 s | avg iter: 100.00
06-16 17:49 root         INFO     Synthesis route found!
06-16 17:49 root         INFO     Final search status | success value | iter: 5.944988133100004 | 12.447833503310626 | 42
06-16 17:49 root         INFO     Succ: 1/3/190 | avg time: 36.71 s | avg iter: 80.67
06-16 17:49 root         INFO     Synthesis route found!
06-16 17:49 root         INFO     Final search status | success value | iter: 7.009892488515176 | 6.9058614900484026 | 7
06-16 17:49 root         INFO     Succ: 2/4/190 | avg time: 28.14 s | avg iter: 62.25
06-16 17:50 root         INFO     Final search status | success value | iter: 11.527809112508688 | inf | 100
06-16 17:50 root         INFO     Succ: 2/5/190 | avg time: 33.56 s | avg iter: 69.80
06-16 17:51 root         INFO     Synthesis route found!
06-16 17:51 root         INFO     Final search status | success value | iter: 6.489202297142895 | 11.454008176575211 | 44
06-16 17:51 root         INFO     Succ: 3/6/190 | avg time: 31.79 s | avg iter: 65.50
06-16 17:52 root         INFO     Final search status | success value | iter: 9.451796202579473 | inf | 100
06-16 17:52 root         INFO     Succ: 3/7/190 | avg time: 37.15 s | avg iter: 70.43
06-16 17:53 root         INFO     Final search status | success value | iter: 8.972263646957112 | inf | 100
06-16 17:53 root         INFO     Succ: 3/8/190 | avg time: 39.30 s | avg iter: 74.12
06-16 17:53 root         INFO     Synthesis route found!
06-16 17:53 root         INFO     Final search status | success value | iter: 8.057600387470746 | 10.430609906916441 | 45
06-16 17:53 root         INFO     Succ: 4/9/190 | avg time: 36.91 s | avg iter: 70.89
06-16 17:54 root         INFO     Final search status | success value | iter: 6.523938800502169 | inf | 100
06-16 17:54 root         INFO     Succ: 4/10/190 | avg time: 37.88 s | avg iter: 73.80
06-16 17:54 root         INFO     Synthesis route found!
06-16 17:54 root         INFO     Final search status | success value | iter: 5.212174792888266 | 4.92067477405102 | 10
06-16 17:54 root         INFO     Succ: 5/11/190 | avg time: 34.88 s | avg iter: 68.00
06-16 17:54 root         INFO     Synthesis route found!
06-16 17:54 root         INFO     Final search status | success value | iter: 4.028335711494816 | 3.8076255749197863 | 13
06-16 17:54 root         INFO     Succ: 6/12/190 | avg time: 32.45 s | avg iter: 63.42
06-16 17:54 root         INFO     Synthesis route found!
06-16 17:54 root         INFO     Final search status | success value | iter: 1.176387402981793 | 0.7581505720659703 | 4
06-16 17:54 root         INFO     Succ: 7/13/190 | avg time: 30.10 s | avg iter: 58.85
06-16 17:55 root         INFO     Final search status | success value | iter: 11.397825145162557 | inf | 100
06-16 17:55 root         INFO     Succ: 7/14/190 | avg time: 32.04 s | avg iter: 61.79
06-16 17:56 root         INFO     Synthesis route found!
06-16 17:56 root         INFO     Final search status | success value | iter: 7.961652182973836 | 8.009364445340388 | 90
06-16 17:56 root         INFO     Succ: 8/15/190 | avg time: 32.49 s | avg iter: 63.67
06-16 17:56 root         INFO     Synthesis route found!
06-16 17:56 root         INFO     Final search status | success value | iter: 1.548213941786659 | 0.4748691336957424 | 4
06-16 17:56 root         INFO     Succ: 9/16/190 | avg time: 30.55 s | avg iter: 59.94
06-16 17:56 root         INFO     Synthesis route found!
06-16 17:56 root         INFO     Final search status | success value | iter: 6.190958925672779 | 9.132361311016403 | 50
06-16 17:56 root         INFO     Succ: 10/17/190 | avg time: 30.03 s | avg iter: 59.35
06-16 17:56 root         INFO     Expansion fails on CC1=CC=CC(C)(C(F)(F)F)C1!
06-16 17:56 root         INFO     Synthesis route found!
06-16 17:56 root         INFO     Final search status | success value | iter: 2.5836476670755033 | 0.7421950827759511 | 8
06-16 17:56 root         INFO     Succ: 11/18/190 | avg time: 28.50 s | avg iter: 56.50
06-16 17:56 root         INFO     Synthesis route found!
06-16 17:56 root         INFO     Final search status | success value | iter: 7.366951489410727 | 12.967565225958172 | 41
06-16 17:56 root         INFO     Succ: 12/19/190 | avg time: 28.00 s | avg iter: 55.68
06-16 17:57 root         INFO     Final search status | success value | iter: 6.534998309509406 | inf | 100
06-16 17:57 root         INFO     Succ: 12/20/190 | avg time: 29.21 s | avg iter: 57.90
06-16 17:57 root         INFO     Synthesis route found!
06-16 17:57 root         INFO     Final search status | success value | iter: 5.226162644262895 | 5.1978997350288685 | 8
06-16 17:57 root         INFO     Succ: 13/21/190 | avg time: 28.01 s | avg iter: 55.52
06-16 17:59 root         INFO     Final search status | success value | iter: 9.386180697196913 | inf | 100
06-16 17:59 root         INFO     Succ: 13/22/190 | avg time: 29.94 s | avg iter: 57.55
06-16 17:59 root         INFO     Synthesis route found!
06-16 17:59 root         INFO     Final search status | success value | iter: 1.1181583516500841 | 1.0001170050478183 | 4
06-16 17:59 root         INFO     Succ: 14/23/190 | avg time: 28.71 s | avg iter: 55.22
06-16 18:00 root         INFO     Final search status | success value | iter: 9.615528248269552 | inf | 100
06-16 18:00 root         INFO     Succ: 14/24/190 | avg time: 30.46 s | avg iter: 57.08
06-16 18:01 root         INFO     Final search status | success value | iter: 8.210081012899781 | inf | 100
06-16 18:01 root         INFO     Succ: 14/25/190 | avg time: 31.71 s | avg iter: 58.80
06-16 18:01 root         INFO     Synthesis route found!
06-16 18:01 root         INFO     Final search status | success value | iter: 0.6804605201739338 | 0.15868899829325722 | 3
06-16 18:01 root         INFO     Succ: 15/26/190 | avg time: 30.53 s | avg iter: 56.65
06-16 18:02 root         INFO     Final search status | success value | iter: 7.179465560703148 | inf | 100
06-16 18:02 root         INFO     Succ: 15/27/190 | avg time: 31.20 s | avg iter: 58.26
06-16 18:02 root         INFO     Final search status | success value | iter: 7.604246346550504 | inf | 100
06-16 18:02 root         INFO     Succ: 15/28/190 | avg time: 31.64 s | avg iter: 59.75
06-16 18:02 root         INFO     Synthesis route found!
06-16 18:02 root         INFO     Final search status | success value | iter: 1.6148481187156267 | 0.14932378474385616 | 7
06-16 18:02 root         INFO     Succ: 16/29/190 | avg time: 30.64 s | avg iter: 57.93
06-16 18:03 root         INFO     Synthesis route found!
06-16 18:03 root         INFO     Final search status | success value | iter: 5.517683001143667 | 10.941440758757055 | 62
06-16 18:03 root         INFO     Succ: 17/30/190 | avg time: 30.54 s | avg iter: 58.07
06-16 18:03 root         INFO     Synthesis route found!
06-16 18:03 root         INFO     Final search status | success value | iter: 8.51644486059102 | 6.532388102143596 | 52
06-16 18:03 root         INFO     Succ: 18/31/190 | avg time: 30.67 s | avg iter: 57.87
06-16 18:04 root         INFO     Final search status | success value | iter: 7.230810048307107 | inf | 100
06-16 18:04 root         INFO     Succ: 18/32/190 | avg time: 31.22 s | avg iter: 59.19
06-16 18:04 root         INFO     Synthesis route found!
06-16 18:04 root         INFO     Final search status | success value | iter: 6.716697712734558 | 11.681503592166873 | 21
06-16 18:04 root         INFO     Succ: 19/33/190 | avg time: 30.61 s | avg iter: 58.03
06-16 18:06 root         INFO     Final search status | success value | iter: 6.448152375857249 | inf | 100
06-16 18:06 root         INFO     Succ: 19/34/190 | avg time: 31.71 s | avg iter: 59.26
06-16 18:06 root         INFO     Synthesis route found!
06-16 18:06 root         INFO     Final search status | success value | iter: 5.246276120326758 | 5.6105774226293645 | 62
06-16 18:06 root         INFO     Succ: 20/35/190 | avg time: 31.66 s | avg iter: 59.34
06-16 18:07 root         INFO     Final search status | success value | iter: 8.435663163169089 | inf | 100
06-16 18:07 root         INFO     Succ: 20/36/190 | avg time: 32.49 s | avg iter: 60.47
06-16 18:07 root         INFO     Synthesis route found!
06-16 18:07 root         INFO     Final search status | success value | iter: 7.404578332214322 | 7.4931057495749895 | 14
06-16 18:07 root         INFO     Succ: 21/37/190 | avg time: 31.81 s | avg iter: 59.22
06-16 18:08 root         INFO     Final search status | success value | iter: 8.835246957759717 | inf | 100
06-16 18:08 root         INFO     Succ: 21/38/190 | avg time: 32.24 s | avg iter: 60.29
06-16 18:09 root         INFO     Final search status | success value | iter: 8.916546026841239 | inf | 100
06-16 18:09 root         INFO     Succ: 21/39/190 | avg time: 32.52 s | avg iter: 61.31
06-16 18:09 root         INFO     Synthesis route found!
06-16 18:09 root         INFO     Final search status | success value | iter: 6.147355042259455 | 6.793248984481405 | 63
06-16 18:09 root         INFO     Succ: 22/40/190 | avg time: 32.49 s | avg iter: 61.35
06-16 18:10 root         INFO     Final search status | success value | iter: 9.301592555038996 | inf | 100
06-16 18:10 root         INFO     Succ: 22/41/190 | avg time: 33.43 s | avg iter: 62.29
06-16 18:10 root         INFO     Synthesis route found!
06-16 18:10 root         INFO     Final search status | success value | iter: 3.8069629374531204 | 3.0356701934788286 | 12
06-16 18:10 root         INFO     Succ: 23/42/190 | avg time: 32.78 s | avg iter: 61.10
06-16 18:11 root         INFO     Synthesis route found!
06-16 18:11 root         INFO     Final search status | success value | iter: 0.318775540960648 | 0.05523796181082589 | 2
06-16 18:11 root         INFO     Succ: 24/43/190 | avg time: 32.06 s | avg iter: 59.72
06-16 18:12 root         INFO     Final search status | success value | iter: 9.499349643506438 | inf | 100
06-16 18:12 root         INFO     Succ: 24/44/190 | avg time: 32.98 s | avg iter: 60.64
06-16 18:12 root         INFO     Synthesis route found!
06-16 18:12 root         INFO     Final search status | success value | iter: 6.915605648832032 | 11.880411528264347 | 14
06-16 18:12 root         INFO     Succ: 25/45/190 | avg time: 32.43 s | avg iter: 59.60
06-16 18:13 root         INFO     Final search status | success value | iter: 7.17521638996169 | inf | 100
06-16 18:13 root         INFO     Succ: 25/46/190 | avg time: 33.07 s | avg iter: 60.48
06-16 18:14 root         INFO     Final search status | success value | iter: 12.710720178079 | inf | 100
06-16 18:14 root         INFO     Succ: 25/47/190 | avg time: 33.59 s | avg iter: 61.32
06-16 18:15 root         INFO     Final search status | success value | iter: 6.755601259133172 | inf | 100
06-16 18:15 root         INFO     Succ: 25/48/190 | avg time: 33.80 s | avg iter: 62.12
06-16 18:15 root         INFO     Expansion fails on Cn1oc(=O)nc1SSc1nc(=O)on1C!
06-16 18:15 root         INFO     Expansion fails on Cn1oc(=O)nc1S(=O)[O-]!
06-16 18:15 root         INFO     Expansion fails on Cn1oc(=O)nc1SC#N!
06-16 18:15 root         INFO     Expansion fails on Cn1oc(=O)nc1SC(=O)Cl!
06-16 18:15 root         INFO     Final search status | success value | iter: 6.6041456511381345 | inf | 100
06-16 18:15 root         INFO     Succ: 25/49/190 | avg time: 33.86 s | avg iter: 62.90
06-16 18:16 root         INFO     Final search status | success value | iter: 9.589247686551172 | inf | 100
06-16 18:16 root         INFO     Succ: 25/50/190 | avg time: 34.32 s | avg iter: 63.64
06-16 18:17 root         INFO     Final search status | success value | iter: 5.997658764475975 | inf | 100
06-16 18:17 root         INFO     Succ: 25/51/190 | avg time: 34.46 s | avg iter: 64.35
06-16 18:17 root         INFO     Synthesis route found!
06-16 18:17 root         INFO     Final search status | success value | iter: 1.50258881167996 | 1.3985578132131873 | 9
06-16 18:17 root         INFO     Succ: 26/52/190 | avg time: 33.86 s | avg iter: 63.29
06-16 18:18 root         INFO     Final search status | success value | iter: 5.680042810423232 | inf | 100
06-16 18:18 root         INFO     Succ: 26/53/190 | avg time: 34.12 s | avg iter: 63.98
06-16 18:18 root         INFO     Synthesis route found!
06-16 18:18 root         INFO     Final search status | success value | iter: 0.9104224871990382 | 5.000990517615875 | 3
06-16 18:18 root         INFO     Succ: 27/54/190 | avg time: 33.53 s | avg iter: 62.85
06-16 18:18 root         INFO     Synthesis route found!
06-16 18:18 root         INFO     Final search status | success value | iter: 5.517694988845008 | 10.941452746458395 | 63
06-16 18:18 root         INFO     Succ: 28/55/190 | avg time: 33.44 s | avg iter: 62.85
06-16 18:18 root         INFO     Synthesis route found!
06-16 18:18 root         INFO     Final search status | success value | iter: 7.341991596855138 | 6.9088115756352275 | 8
06-16 18:18 root         INFO     Succ: 29/56/190 | avg time: 32.94 s | avg iter: 61.88
06-16 18:19 root         INFO     Synthesis route found!
06-16 18:19 root         INFO     Final search status | success value | iter: 7.663849286639351 | 6.533856110584357 | 73
06-16 18:19 root         INFO     Succ: 30/57/190 | avg time: 33.24 s | avg iter: 62.07
06-16 18:20 root         INFO     Final search status | success value | iter: 8.151810801897302 | inf | 100
06-16 18:20 root         INFO     Succ: 30/58/190 | avg time: 33.39 s | avg iter: 62.72
06-16 18:20 root         INFO     Expansion fails on C[Mg]Br!
06-16 18:20 root         INFO     Synthesis route found!
06-16 18:20 root         INFO     Final search status | success value | iter: 8.482054040997365 | 7.612762274081949 | 15
06-16 18:20 root         INFO     Succ: 31/59/190 | avg time: 32.96 s | avg iter: 61.92
06-16 18:20 root         INFO     Synthesis route found!
06-16 18:20 root         INFO     Final search status | success value | iter: 1.7561811541663472 | 0.2906568201945766 | 8
06-16 18:20 root         INFO     Succ: 32/60/190 | avg time: 32.48 s | avg iter: 61.02
06-16 18:20 root         INFO     Synthesis route found!
06-16 18:20 root         INFO     Final search status | success value | iter: 5.947780221747299 | 12.68127945908343 | 46
06-16 18:20 root         INFO     Succ: 33/61/190 | avg time: 32.25 s | avg iter: 60.77
06-16 18:21 root         INFO     Final search status | success value | iter: 9.524620667875595 | inf | 100
06-16 18:21 root         INFO     Succ: 33/62/190 | avg time: 32.81 s | avg iter: 61.40
06-16 18:22 root         INFO     Synthesis route found!
06-16 18:22 root         INFO     Final search status | success value | iter: 5.8834499894642365 | 5.558979373856089 | 23
06-16 18:22 root         INFO     Succ: 34/63/190 | avg time: 32.46 s | avg iter: 60.79
06-16 18:23 root         INFO     Final search status | success value | iter: 8.96789665426011 | inf | 100
06-16 18:23 root         INFO     Succ: 34/64/190 | avg time: 33.06 s | avg iter: 61.41
06-16 18:24 root         INFO     Final search status | success value | iter: 7.822733322302264 | inf | 100
06-16 18:24 root         INFO     Succ: 34/65/190 | avg time: 33.27 s | avg iter: 62.00
06-16 18:25 root         INFO     Final search status | success value | iter: 7.724597192642058 | inf | 100
06-16 18:25 root         INFO     Succ: 34/66/190 | avg time: 33.72 s | avg iter: 62.58
06-16 18:25 root         INFO     Synthesis route found!
06-16 18:25 root         INFO     Final search status | success value | iter: 7.024698727764104 | 6.908198973109787 | 36
06-16 18:25 root         INFO     Succ: 35/67/190 | avg time: 33.51 s | avg iter: 62.18
06-16 18:25 root         INFO     Synthesis route found!
06-16 18:25 root         INFO     Final search status | success value | iter: 9.705546013350808 | 14.27323694432147 | 45
06-16 18:25 root         INFO     Succ: 36/68/190 | avg time: 33.31 s | avg iter: 61.93
06-16 18:26 root         INFO     Final search status | success value | iter: 7.655206027055741 | inf | 100
06-16 18:26 root         INFO     Succ: 36/69/190 | avg time: 33.49 s | avg iter: 62.48
06-16 18:27 root         INFO     Final search status | success value | iter: 9.452302349870465 | inf | 100
06-16 18:27 root         INFO     Succ: 36/70/190 | avg time: 34.02 s | avg iter: 63.01
06-16 18:28 root         INFO     Final search status | success value | iter: 6.308480153601774 | inf | 100
06-16 18:28 root         INFO     Succ: 36/71/190 | avg time: 34.16 s | avg iter: 63.54
06-16 18:28 root         INFO     Synthesis route found!
06-16 18:28 root         INFO     Final search status | success value | iter: 7.207393103279088 | 12.036429511452189 | 73
06-16 18:28 root         INFO     Succ: 37/72/190 | avg time: 34.13 s | avg iter: 63.67
06-16 18:29 root         INFO     Synthesis route found!
06-16 18:29 root         INFO     Final search status | success value | iter: 6.751487411601696 | 13.122864604970582 | 35
06-16 18:29 root         INFO     Succ: 38/73/190 | avg time: 33.93 s | avg iter: 63.27
06-16 18:29 root         INFO     Synthesis route found!
06-16 18:29 root         INFO     Final search status | success value | iter: 8.973510956026207 | 8.614259132452393 | 36
06-16 18:29 root         INFO     Succ: 39/74/190 | avg time: 33.80 s | avg iter: 62.91
06-16 18:30 root         INFO     Expansion fails on C=C1CC2(CC[C@]1(C)[C@H]1CC[C@]3(C)[C@@H](N(C=O)C4CC4)CC[C@H]3[C@@H]1CC#C[Si](C)(C)C)OCCO2!
06-16 18:30 root         INFO     Final search status | success value | iter: 12.872280878168628 | inf | 100
06-16 18:30 root         INFO     Succ: 39/75/190 | avg time: 33.98 s | avg iter: 63.40
06-16 18:31 root         INFO     Final search status | success value | iter: 6.022951652090718 | inf | 100
06-16 18:31 root         INFO     Succ: 39/76/190 | avg time: 34.10 s | avg iter: 63.88
06-16 18:31 root         INFO     Synthesis route found!
06-16 18:31 root         INFO     Final search status | success value | iter: 6.24173778667522 | 12.975237024011353 | 34
06-16 18:31 root         INFO     Succ: 40/77/190 | avg time: 33.83 s | avg iter: 63.49
06-16 18:31 root         INFO     Synthesis route found!
06-16 18:31 root         INFO     Final search status | success value | iter: 0.4964581906275217 | 0.17927037908632368 | 2
06-16 18:31 root         INFO     Succ: 41/78/190 | avg time: 33.41 s | avg iter: 62.71
06-16 18:31 root         INFO     Synthesis route found!
06-16 18:31 root         INFO     Final search status | success value | iter: 2.4826247059467366 | 4.181746485691546 | 3
06-16 18:31 root         INFO     Succ: 42/79/190 | avg time: 33.03 s | avg iter: 61.95
06-16 18:32 root         INFO     Final search status | success value | iter: 7.879201774344613 | inf | 100
06-16 18:32 root         INFO     Succ: 42/80/190 | avg time: 33.38 s | avg iter: 62.42
06-16 18:33 root         INFO     Final search status | success value | iter: 6.765834734260027 | inf | 100
06-16 18:33 root         INFO     Succ: 42/81/190 | avg time: 33.47 s | avg iter: 62.89
06-16 18:34 root         INFO     Final search status | success value | iter: 13.331854237756257 | inf | 100
06-16 18:34 root         INFO     Succ: 42/82/190 | avg time: 34.01 s | avg iter: 63.34
06-16 18:35 root         INFO     Final search status | success value | iter: 7.174513588249675 | inf | 100
06-16 18:35 root         INFO     Succ: 42/83/190 | avg time: 34.23 s | avg iter: 63.78
06-16 18:36 root         INFO     Final search status | success value | iter: 7.901595560924366 | inf | 100
06-16 18:36 root         INFO     Succ: 42/84/190 | avg time: 34.33 s | avg iter: 64.21
06-16 18:36 root         INFO     Synthesis route found!
06-16 18:36 root         INFO     Final search status | success value | iter: 6.145628639526276 | 10.153773626822892 | 68
06-16 18:36 root         INFO     Succ: 43/85/190 | avg time: 34.40 s | avg iter: 64.26
06-16 18:37 root         INFO     Synthesis route found!
06-16 18:37 root         INFO     Final search status | success value | iter: 8.507154421750727 | 13.720673433698579 | 31
06-16 18:37 root         INFO     Succ: 44/86/190 | avg time: 34.17 s | avg iter: 63.87
06-16 18:37 root         INFO     Synthesis route found!
06-16 18:37 root         INFO     Final search status | success value | iter: 7.14676340645441 | 12.554105966720103 | 40
06-16 18:37 root         INFO     Succ: 45/87/190 | avg time: 34.04 s | avg iter: 63.60
06-16 18:38 root         INFO     Final search status | success value | iter: 8.621683323361616 | inf | 100
06-16 18:38 root         INFO     Succ: 45/88/190 | avg time: 34.24 s | avg iter: 64.01
06-16 18:38 root         INFO     Expansion fails on CC1=CC=CC(C)(C(F)(F)F)C1!
06-16 18:38 root         INFO     Synthesis route found!
06-16 18:38 root         INFO     Final search status | success value | iter: 2.5839559720255614 | 0.7425033877260092 | 9
06-16 18:38 root         INFO     Succ: 46/89/190 | avg time: 33.89 s | avg iter: 63.39
06-16 18:39 root         INFO     Final search status | success value | iter: 8.22066035214803 | inf | 100
06-16 18:39 root         INFO     Succ: 46/90/190 | avg time: 34.02 s | avg iter: 63.80
06-16 18:39 root         INFO     Final search status | success value | iter: 9.281058055068286 | inf | 100
06-16 18:39 root         INFO     Succ: 46/91/190 | avg time: 34.10 s | avg iter: 64.20
06-16 18:39 root         INFO     Synthesis route found!
06-16 18:39 root         INFO     Final search status | success value | iter: 1.320680711944656 | 0.9619496102920264 | 6
06-16 18:39 root         INFO     Succ: 47/92/190 | avg time: 33.76 s | avg iter: 63.57
06-16 18:39 root         INFO     Synthesis route found!
06-16 18:39 root         INFO     Final search status | success value | iter: 1.5194836529107325 | 1.917973715556325 | 4
06-16 18:39 root         INFO     Succ: 48/93/190 | avg time: 33.41 s | avg iter: 62.92
06-16 18:39 root         INFO     Synthesis route found!
06-16 18:39 root         INFO     Final search status | success value | iter: 0.46881018766770133 | 0.10300142925850161 | 4
06-16 18:39 root         INFO     Succ: 49/94/190 | avg time: 33.08 s | avg iter: 62.30
06-16 18:41 root         INFO     Final search status | success value | iter: 6.798630944538786 | inf | 100
06-16 18:41 root         INFO     Succ: 49/95/190 | avg time: 33.45 s | avg iter: 62.69
06-16 18:41 root         INFO     Synthesis route found!
06-16 18:41 root         INFO     Final search status | success value | iter: 6.616970600109086 | 12.988347793477974 | 26
06-16 18:41 root         INFO     Succ: 50/96/190 | avg time: 33.23 s | avg iter: 62.31
06-16 18:41 root         INFO     Final search status | success value | iter: 7.585124968637847 | inf | 100
06-16 18:41 root         INFO     Succ: 50/97/190 | avg time: 33.37 s | avg iter: 62.70
06-16 18:42 root         INFO     Final search status | success value | iter: 7.705844650942379 | inf | 100
06-16 18:42 root         INFO     Succ: 50/98/190 | avg time: 33.55 s | avg iter: 63.08
06-16 18:43 root         INFO     Synthesis route found!
06-16 18:43 root         INFO     Final search status | success value | iter: 6.09516674606476 | 12.613827910743307 | 43
06-16 18:43 root         INFO     Succ: 51/99/190 | avg time: 33.50 s | avg iter: 62.88
06-16 18:44 root         INFO     Final search status | success value | iter: 8.395362638868306 | inf | 100
06-16 18:44 root         INFO     Succ: 51/100/190 | avg time: 33.59 s | avg iter: 63.25
06-16 18:44 root         INFO     Final search status | success value | iter: 6.3723999463171435 | inf | 100
06-16 18:44 root         INFO     Succ: 51/101/190 | avg time: 33.75 s | avg iter: 63.61
06-16 18:46 root         INFO     Final search status | success value | iter: 9.70552970352704 | inf | 100
06-16 18:46 root         INFO     Succ: 51/102/190 | avg time: 34.12 s | avg iter: 63.97
06-16 18:47 root         INFO     Final search status | success value | iter: 7.991583930082498 | inf | 100
06-16 18:47 root         INFO     Succ: 51/103/190 | avg time: 34.38 s | avg iter: 64.32
06-16 18:47 root         INFO     Final search status | success value | iter: 9.57643939786056 | inf | 100
06-16 18:47 root         INFO     Succ: 51/104/190 | avg time: 34.55 s | avg iter: 64.66
06-16 18:48 root         INFO     Final search status | success value | iter: 8.214436079571446 | inf | 100
06-16 18:48 root         INFO     Succ: 51/105/190 | avg time: 34.63 s | avg iter: 65.00
06-16 18:48 root         INFO     Synthesis route found!
06-16 18:48 root         INFO     Final search status | success value | iter: 5.657560563870994 | 9.60276576803087 | 29
06-16 18:48 root         INFO     Succ: 52/106/190 | avg time: 34.44 s | avg iter: 64.66
06-16 18:49 root         INFO     Synthesis route found!
06-16 18:49 root         INFO     Final search status | success value | iter: 6.810357934482973 | 8.671365567549152 | 28
06-16 18:49 root         INFO     Succ: 53/107/190 | avg time: 34.27 s | avg iter: 64.32
06-16 18:49 root         INFO     Synthesis route found!
06-16 18:49 root         INFO     Final search status | success value | iter: 1.134977666162853 | 0.7762465645102236 | 6
06-16 18:49 root         INFO     Succ: 54/108/190 | avg time: 33.98 s | avg iter: 63.78
06-16 18:49 root         INFO     Synthesis route found!
06-16 18:49 root         INFO     Final search status | success value | iter: 5.212211134275225 | 4.920711115437978 | 11
06-16 18:49 root         INFO     Succ: 55/109/190 | avg time: 33.72 s | avg iter: 63.29
06-16 18:49 root         INFO     Synthesis route found!
06-16 18:49 root         INFO     Final search status | success value | iter: 7.0186266127688866 | 5.880621804064017 | 26
06-16 18:49 root         INFO     Succ: 56/110/190 | avg time: 33.52 s | avg iter: 62.95
06-16 18:50 root         INFO     Final search status | success value | iter: 8.151069199383098 | inf | 100
06-16 18:50 root         INFO     Succ: 56/111/190 | avg time: 33.58 s | avg iter: 63.29
06-16 18:50 root         INFO     Synthesis route found!
06-16 18:50 root         INFO     Final search status | success value | iter: 2.5934318294405423 | 1.8221390854662503 | 7
06-16 18:50 root         INFO     Succ: 57/112/190 | avg time: 33.31 s | avg iter: 62.79
06-16 18:50 root         INFO     Synthesis route found!
06-16 18:50 root         INFO     Final search status | success value | iter: 6.45402232478439 | 7.099916267006339 | 73
06-16 18:50 root         INFO     Succ: 58/113/190 | avg time: 33.34 s | avg iter: 62.88
06-16 18:50 root         INFO     Synthesis route found!
06-16 18:50 root         INFO     Final search status | success value | iter: 0.5399271455631234 | 0.31174833145021114 | 7
06-16 18:50 root         INFO     Succ: 59/114/190 | avg time: 33.08 s | avg iter: 62.39
06-16 18:51 root         INFO     Final search status | success value | iter: 12.296044619723052 | inf | 100
06-16 18:51 root         INFO     Succ: 59/115/190 | avg time: 33.17 s | avg iter: 62.71
06-16 18:52 root         INFO     Final search status | success value | iter: 6.7736126831585155 | inf | 100
06-16 18:52 root         INFO     Succ: 59/116/190 | avg time: 33.26 s | avg iter: 63.03
06-16 18:52 root         INFO     Expansion fails on Cn1oc(=O)nc1SSc1nc(=O)on1C!
06-16 18:52 root         INFO     Expansion fails on Cn1oc(=O)nc1S(=O)[O-]!
06-16 18:52 root         INFO     Expansion fails on Cn1oc(=O)nc1SC#N!
06-16 18:52 root         INFO     Expansion fails on Cn1oc(=O)nc1SC(=O)Cl!
06-16 18:52 root         INFO     Final search status | success value | iter: 6.551618423563584 | inf | 100
06-16 18:52 root         INFO     Succ: 59/117/190 | avg time: 33.28 s | avg iter: 63.35
06-16 18:53 root         INFO     Synthesis route found!
06-16 18:53 root         INFO     Final search status | success value | iter: 7.776534262158361 | 7.254172452598771 | 21
06-16 18:53 root         INFO     Succ: 60/118/190 | avg time: 33.12 s | avg iter: 62.99
06-16 18:54 root         INFO     Final search status | success value | iter: 9.306507290280862 | inf | 100
06-16 18:54 root         INFO     Succ: 60/119/190 | avg time: 33.48 s | avg iter: 63.30
06-16 18:54 root         INFO     Synthesis route found!
06-16 18:54 root         INFO     Final search status | success value | iter: 10.594226691591802 | 15.161917622562465 | 67
06-16 18:54 root         INFO     Succ: 61/120/190 | avg time: 33.45 s | avg iter: 63.33
06-16 18:54 root         INFO     Synthesis route found!
06-16 18:54 root         INFO     Final search status | success value | iter: 0.8509128100748279 | 7.666692631090637 | 6
06-16 18:54 root         INFO     Succ: 62/121/190 | avg time: 33.19 s | avg iter: 62.86
06-16 18:55 root         INFO     Synthesis route found!
06-16 18:55 root         INFO     Final search status | success value | iter: 5.878286519987864 | 5.779989952797296 | 19
06-16 18:55 root         INFO     Succ: 63/122/190 | avg time: 32.98 s | avg iter: 62.50
06-16 18:55 root         INFO     Synthesis route found!
06-16 18:55 root         INFO     Final search status | success value | iter: 7.1466374725500605 | 12.553980032815753 | 40
06-16 18:55 root         INFO     Succ: 64/123/190 | avg time: 32.90 s | avg iter: 62.32
06-16 18:56 root         INFO     Final search status | success value | iter: 10.162608031943522 | inf | 100
06-16 18:56 root         INFO     Succ: 64/124/190 | avg time: 33.28 s | avg iter: 62.62
06-16 18:57 root         INFO     Synthesis route found!
06-16 18:57 root         INFO     Final search status | success value | iter: 5.96402789989538 | 12.697527137231514 | 48
06-16 18:57 root         INFO     Succ: 65/125/190 | avg time: 33.18 s | avg iter: 62.50
06-16 18:57 root         INFO     Final search status | success value | iter: 6.7793105528086155 | inf | 100
06-16 18:57 root         INFO     Succ: 65/126/190 | avg time: 33.26 s | avg iter: 62.80
06-16 18:59 root         INFO     Final search status | success value | iter: 10.88930807364401 | inf | 100
06-16 18:59 root         INFO     Succ: 65/127/190 | avg time: 33.54 s | avg iter: 63.09
06-16 18:59 root         INFO     Synthesis route found!
06-16 18:59 root         INFO     Final search status | success value | iter: 4.030035831064066 | 3.8093256944890372 | 14
06-16 18:59 root         INFO     Succ: 66/128/190 | avg time: 33.32 s | avg iter: 62.71
06-16 18:59 root         INFO     Synthesis route found!
06-16 18:59 root         INFO     Final search status | success value | iter: 1.5774188500716544 | 1.2186877484190248 | 6
06-16 18:59 root         INFO     Succ: 67/129/190 | avg time: 33.08 s | avg iter: 62.27
06-16 18:59 root         INFO     Synthesis route found!
06-16 18:59 root         INFO     Final search status | success value | iter: 7.249778499889849 | 9.463560139720286 | 92
06-16 18:59 root         INFO     Succ: 68/130/190 | avg time: 33.15 s | avg iter: 62.50
06-16 19:00 root         INFO     Final search status | success value | iter: 7.245276573132909 | inf | 100
06-16 19:00 root         INFO     Succ: 68/131/190 | avg time: 33.29 s | avg iter: 62.79
06-16 19:01 root         INFO     Final search status | success value | iter: 8.448261945359336 | inf | 100
06-16 19:01 root         INFO     Succ: 68/132/190 | avg time: 33.36 s | avg iter: 63.07
06-16 19:02 root         INFO     Synthesis route found!
06-16 19:02 root         INFO     Final search status | success value | iter: 5.646291771221646 | 5.460922749845115 | 100
06-16 19:02 root         INFO     Succ: 69/133/190 | avg time: 33.44 s | avg iter: 63.35
06-16 19:02 root         INFO     Synthesis route found!
06-16 19:02 root         INFO     Final search status | success value | iter: 1.6150254213444568 | 0.14950108737268622 | 8
06-16 19:02 root         INFO     Succ: 70/134/190 | avg time: 33.23 s | avg iter: 62.93
06-16 19:02 root         INFO     Final search status | success value | iter: 9.240386430710366 | inf | 100
06-16 19:02 root         INFO     Succ: 70/135/190 | avg time: 33.28 s | avg iter: 63.21
06-16 19:03 root         INFO     Synthesis route found!
06-16 19:03 root         INFO     Final search status | success value | iter: 7.050054930741789 | 7.0076348971084945 | 45
06-16 19:03 root         INFO     Succ: 71/136/190 | avg time: 33.18 s | avg iter: 63.07
06-16 19:03 root         INFO     Synthesis route found!
06-16 19:03 root         INFO     Final search status | success value | iter: 10.19827403966329 | 11.675772257016813 | 2
06-16 19:03 root         INFO     Succ: 72/137/190 | avg time: 32.95 s | avg iter: 62.63
06-16 19:03 root         INFO     Synthesis route found!
06-16 19:03 root         INFO     Final search status | success value | iter: 6.834086827097718 | 13.597697407102386 | 11
06-16 19:03 root         INFO     Succ: 73/138/190 | avg time: 32.76 s | avg iter: 62.25
06-16 19:03 root         INFO     Synthesis route found!
06-16 19:03 root         INFO     Final search status | success value | iter: 2.482286270394881 | 4.18140805013969 | 2
06-16 19:03 root         INFO     Succ: 74/139/190 | avg time: 32.54 s | avg iter: 61.82
06-16 19:04 root         INFO     Final search status | success value | iter: 10.686509966444873 | inf | 100
06-16 19:04 root         INFO     Succ: 74/140/190 | avg time: 32.81 s | avg iter: 62.09
06-16 19:04 root         INFO     Synthesis route found!
06-16 19:04 root         INFO     Final search status | success value | iter: 8.51835577550118 | 8.606883192861847 | 21
06-16 19:04 root         INFO     Succ: 75/141/190 | avg time: 32.65 s | avg iter: 61.80
06-16 19:05 root         INFO     Final search status | success value | iter: 5.839321498693023 | inf | 100
06-16 19:05 root         INFO     Succ: 75/142/190 | avg time: 32.69 s | avg iter: 62.07
06-16 19:05 root         INFO     Synthesis route found!
06-16 19:05 root         INFO     Final search status | success value | iter: 0.3189691689972287 | 0.05543158984740659 | 3
06-16 19:05 root         INFO     Succ: 76/143/190 | avg time: 32.47 s | avg iter: 61.66
06-16 19:06 root         INFO     Final search status | success value | iter: 9.235504499325998 | inf | 100
06-16 19:06 root         INFO     Succ: 76/144/190 | avg time: 32.59 s | avg iter: 61.92
06-16 19:06 root         INFO     Synthesis route found!
06-16 19:06 root         INFO     Final search status | success value | iter: 0.28045712841374093 | 0.12211686311299406 | 4
06-16 19:06 root         INFO     Succ: 77/145/190 | avg time: 32.38 s | avg iter: 61.52
06-16 19:06 root         INFO     Synthesis route found!
06-16 19:06 root         INFO     Final search status | success value | iter: 7.065033482564985 | 6.961002484098212 | 9
06-16 19:06 root         INFO     Succ: 78/146/190 | avg time: 32.19 s | avg iter: 61.16
06-16 19:06 root         INFO     Synthesis route found!
06-16 19:06 root         INFO     Final search status | success value | iter: 1.6146162492836738 | 0.1490919153119033 | 6
06-16 19:06 root         INFO     Succ: 79/147/190 | avg time: 31.99 s | avg iter: 60.79
06-16 19:07 root         INFO     Final search status | success value | iter: 7.6414861252821185 | inf | 100
06-16 19:07 root         INFO     Succ: 79/148/190 | avg time: 32.09 s | avg iter: 61.05
06-16 19:07 root         INFO     Synthesis route found!
06-16 19:07 root         INFO     Final search status | success value | iter: 0.3611795063142652 | 0.0024484046616356048 | 5
06-16 19:07 root         INFO     Succ: 80/149/190 | avg time: 31.90 s | avg iter: 60.68
06-16 19:08 root         INFO     Final search status | success value | iter: 9.869877331681044 | inf | 100
06-16 19:08 root         INFO     Succ: 80/150/190 | avg time: 32.18 s | avg iter: 60.94
06-16 19:09 root         INFO     Final search status | success value | iter: 9.40198790755302 | inf | 100
06-16 19:09 root         INFO     Succ: 80/151/190 | avg time: 32.44 s | avg iter: 61.20
06-16 19:09 root         INFO     Synthesis route found!
06-16 19:09 root         INFO     Final search status | success value | iter: 1.6167006578318925 | 0.15117632386012203 | 8
06-16 19:09 root         INFO     Succ: 81/152/190 | avg time: 32.26 s | avg iter: 60.85
06-16 19:10 root         INFO     Final search status | success value | iter: 7.931907011972074 | inf | 100
06-16 19:10 root         INFO     Succ: 81/153/190 | avg time: 32.52 s | avg iter: 61.10
06-16 19:11 root         INFO     Synthesis route found!
06-16 19:11 root         INFO     Final search status | success value | iter: 1.9790106002578554 | 1.8609692536555893 | 4
06-16 19:11 root         INFO     Succ: 82/154/190 | avg time: 32.33 s | avg iter: 60.73
06-16 19:11 root         INFO     Synthesis route found!
06-16 19:11 root         INFO     Final search status | success value | iter: 5.212145260000624 | 4.920645241163378 | 9
06-16 19:11 root         INFO     Succ: 83/155/190 | avg time: 32.15 s | avg iter: 60.40
06-16 19:11 root         INFO     Synthesis route found!
06-16 19:11 root         INFO     Final search status | success value | iter: 1.8832084140597607 | 0.9929878370006886 | 6
06-16 19:11 root         INFO     Succ: 84/156/190 | avg time: 31.97 s | avg iter: 60.05
06-16 19:11 root         INFO     Final search status | success value | iter: 6.72679552823313 | inf | 100
06-16 19:11 root         INFO     Succ: 84/157/190 | avg time: 32.03 s | avg iter: 60.31
06-16 19:13 root         INFO     Final search status | success value | iter: 9.478394482655746 | inf | 100
06-16 19:13 root         INFO     Succ: 84/158/190 | avg time: 32.27 s | avg iter: 60.56
06-16 19:13 root         INFO     Final search status | success value | iter: 8.652377938541598 | inf | 100
06-16 19:13 root         INFO     Succ: 84/159/190 | avg time: 32.36 s | avg iter: 60.81
06-16 19:14 root         INFO     Final search status | success value | iter: 6.784461413289749 | inf | 100
06-16 19:14 root         INFO     Succ: 84/160/190 | avg time: 32.42 s | avg iter: 61.05
06-16 19:15 root         INFO     Final search status | success value | iter: 9.761756406110752 | inf | 100
06-16 19:15 root         INFO     Succ: 84/161/190 | avg time: 32.69 s | avg iter: 61.29
06-16 19:15 root         INFO     Synthesis route found!
06-16 19:15 root         INFO     Final search status | success value | iter: 3.8428727562642773 | 7.593806950657396 | 8
06-16 19:15 root         INFO     Succ: 85/162/190 | avg time: 32.51 s | avg iter: 60.96
06-16 19:18 root         INFO     Final search status | success value | iter: 5.148825934396677 | inf | 100
06-16 19:18 root         INFO     Succ: 85/163/190 | avg time: 33.12 s | avg iter: 61.20
06-16 19:18 root         INFO     Final search status | success value | iter: 7.070828103368943 | inf | 100
06-16 19:18 root         INFO     Succ: 85/164/190 | avg time: 33.22 s | avg iter: 61.44
06-16 19:19 root         INFO     Final search status | success value | iter: 5.4699994350736185 | inf | 100
06-16 19:19 root         INFO     Succ: 85/165/190 | avg time: 33.26 s | avg iter: 61.67
06-16 19:20 root         INFO     Final search status | success value | iter: 6.677162704287095 | inf | 100
06-16 19:20 root         INFO     Succ: 85/166/190 | avg time: 33.37 s | avg iter: 61.90
06-16 19:20 root         INFO     Synthesis route found!
06-16 19:20 root         INFO     Final search status | success value | iter: 6.103558224657625 | 5.779087609049478 | 20
06-16 19:20 root         INFO     Succ: 86/167/190 | avg time: 33.22 s | avg iter: 61.65
06-16 19:20 root         INFO     Synthesis route found!
06-16 19:20 root         INFO     Final search status | success value | iter: 1.519458972210218 | 1.9179490348558106 | 3
06-16 19:20 root         INFO     Succ: 87/168/190 | avg time: 33.03 s | avg iter: 61.30
06-16 19:20 root         INFO     Synthesis route found!
06-16 19:20 root         INFO     Final search status | success value | iter: 0.43534486321004645 | 0.408033612781656 | 2
06-16 19:20 root         INFO     Succ: 88/169/190 | avg time: 32.84 s | avg iter: 60.95
06-16 19:21 root         INFO     Final search status | success value | iter: 7.214313442530389 | inf | 100
06-16 19:21 root         INFO     Succ: 88/170/190 | avg time: 32.90 s | avg iter: 61.18
06-16 19:21 root         INFO     Synthesis route found!
06-16 19:21 root         INFO     Final search status | success value | iter: 0.3958802482632219 | 0.037149146610592224 | 6
06-16 19:21 root         INFO     Succ: 89/171/190 | avg time: 32.72 s | avg iter: 60.86
06-16 19:21 root         INFO     Synthesis route found!
06-16 19:21 root         INFO     Final search status | success value | iter: 6.96342424396417 | 7.308992413465278 | 54
06-16 19:21 root         INFO     Succ: 90/172/190 | avg time: 32.71 s | avg iter: 60.82
06-16 19:22 root         INFO     Final search status | success value | iter: 7.487699069642771 | inf | 100
06-16 19:22 root         INFO     Succ: 90/173/190 | avg time: 32.82 s | avg iter: 61.05
06-16 19:23 root         INFO     Final search status | success value | iter: 9.75635341688647 | inf | 100
06-16 19:23 root         INFO     Succ: 90/174/190 | avg time: 32.88 s | avg iter: 61.27
06-16 19:24 root         INFO     Final search status | success value | iter: 8.429935677175068 | inf | 100
06-16 19:24 root         INFO     Succ: 90/175/190 | avg time: 33.11 s | avg iter: 61.49
06-16 19:25 root         INFO     Synthesis route found!
06-16 19:25 root         INFO     Final search status | success value | iter: 8.189521277955023 | 14.5029653792066 | 82
06-16 19:25 root         INFO     Succ: 91/176/190 | avg time: 33.09 s | avg iter: 61.61
06-16 19:25 root         INFO     Synthesis route found!
06-16 19:25 root         INFO     Final search status | success value | iter: 7.601549465732742 | 13.202163202280184 | 69
06-16 19:25 root         INFO     Succ: 92/177/190 | avg time: 33.08 s | avg iter: 61.65
06-16 19:26 root         INFO     Final search status | success value | iter: 8.842797634298606 | inf | 100
06-16 19:26 root         INFO     Succ: 92/178/190 | avg time: 33.22 s | avg iter: 61.87
06-16 19:26 root         INFO     Synthesis route found!
06-16 19:26 root         INFO     Final search status | success value | iter: 7.350249194539998 | 8.010488818423815 | 12
06-16 19:26 root         INFO     Succ: 93/179/190 | avg time: 33.09 s | avg iter: 61.59
06-16 19:27 root         INFO     Final search status | success value | iter: 8.561905876532018 | inf | 100
06-16 19:27 root         INFO     Succ: 93/180/190 | avg time: 33.18 s | avg iter: 61.80
06-16 19:27 root         INFO     Synthesis route found!
06-16 19:27 root         INFO     Final search status | success value | iter: 0.6853107157102163 | 0.1635391938295399 | 4
06-16 19:27 root         INFO     Succ: 94/181/190 | avg time: 33.01 s | avg iter: 61.48
06-16 19:27 root         INFO     Synthesis route found!
06-16 19:27 root         INFO     Final search status | success value | iter: 8.288436295406497 | 9.380352818909243 | 35
06-16 19:27 root         INFO     Succ: 95/182/190 | avg time: 32.92 s | avg iter: 61.34
06-16 19:28 root         INFO     Synthesis route found!
06-16 19:28 root         INFO     Final search status | success value | iter: 7.247678427831236 | 13.36846958833269 | 36
06-16 19:28 root         INFO     Succ: 96/183/190 | avg time: 32.82 s | avg iter: 61.20
06-16 19:28 root         INFO     Synthesis route found!
06-16 19:28 root         INFO     Final search status | success value | iter: 4.670105994309468 | 5.271617625885973 | 9
06-16 19:28 root         INFO     Succ: 97/184/190 | avg time: 32.66 s | avg iter: 60.91
06-16 19:28 root         INFO     Final search status | success value | iter: 5.4102446856814 | inf | 100
06-16 19:28 root         INFO     Succ: 97/185/190 | avg time: 32.72 s | avg iter: 61.12
06-16 19:28 root         INFO     Synthesis route found!
06-16 19:28 root         INFO     Final search status | success value | iter: 0.14651114479194535 | 0.006234685653477574 | 4
06-16 19:28 root         INFO     Succ: 98/186/190 | avg time: 32.55 s | avg iter: 60.82
06-16 19:29 root         INFO     Final search status | success value | iter: 7.26871066269252 | inf | 100
06-16 19:29 root         INFO     Succ: 98/187/190 | avg time: 32.67 s | avg iter: 61.03
06-16 19:29 root         INFO     Synthesis route found!
06-16 19:29 root         INFO     Final search status | success value | iter: 1.6171285330581768 | 0.15160419908640632 | 8
06-16 19:29 root         INFO     Succ: 99/188/190 | avg time: 32.51 s | avg iter: 60.74
06-16 19:31 root         INFO     Final search status | success value | iter: 9.110317704472934 | inf | 100
06-16 19:31 root         INFO     Succ: 99/189/190 | avg time: 32.72 s | avg iter: 60.95
06-16 19:32 root         INFO     Final search status | success value | iter: 8.072803213999272 | inf | 100
06-16 19:32 root         INFO     Succ: 99/190/190 | avg time: 32.98 s | avg iter: 61.16
