root        : INFO     Loading starting molecules from dataset/origin_dict.csv
root        : INFO     23081629 starting molecules loaded
root        : INFO     190 routes extracted from dataset/routes_possible_test_hard.pkl loaded
root        : INFO     Templates: one_step_model/template_rules_1.dat
root        : INFO     Loading trained mlp model from one_step_model/saved_rollout_state_1_2048.ckpt
template rules: 381302it [00:00, 1483928.48it/s]
root        : INFO     Initializing value model: latent_dim=128
root        : INFO     Loading value nn from saved_models/best_epoch_final_4.pt
root        : INFO     Final search status | success value | iter: 7.7960894888412495 | inf | 500
root        : INFO     Succ: 0/1/190 | avg time: 193.85 s | avg iter: 500.00
root        : INFO     Synthesis route found!
root        : INFO     Final search status | success value | iter: 10.045174730222675 | 10.716544293112081 | 159
root        : INFO     Succ: 1/2/190 | avg time: 125.85 s | avg iter: 329.50
root        : INFO     Expansion fails on Cl[Sb](Cl)(Cl)(Cl)Cl!
root        : INFO     Synthesis route found!
root        : INFO     Final search status | success value | iter: 5.944988133100004 | 12.447833503310626 | 42
root        : INFO     Succ: 2/3/190 | avg time: 90.97 s | avg iter: 233.67
root        : INFO     Synthesis route found!
root        : INFO     Final search status | success value | iter: 7.009892488515176 | 6.9058614900484026 | 7
root        : INFO     Succ: 3/4/190 | avg time: 68.82 s | avg iter: 177.00
root        : INFO     Final search status | success value | iter: 13.395536444502353 | inf | 500
root        : INFO     Succ: 3/5/190 | avg time: 100.74 s | avg iter: 241.60
root        : INFO     Synthesis route found!
root        : INFO     Final search status | success value | iter: 6.489202297142895 | 11.454008176575211 | 44
root        : INFO     Succ: 4/6/190 | avg time: 87.45 s | avg iter: 208.67
root        : INFO     Synthesis route found!
root        : INFO     Final search status | success value | iter: 7.97931229152559 | 7.369135195610199 | 191
root        : INFO     Succ: 5/7/190 | avg time: 91.48 s | avg iter: 206.14
root        : INFO     Final search status | success value | iter: 10.325880910979276 | inf | 500
root        : INFO     Succ: 5/8/190 | avg time: 109.53 s | avg iter: 242.88
root        : INFO     Synthesis route found!
root        : INFO     Final search status | success value | iter: 8.057600387470746 | 10.430609906916441 | 45
root        : INFO     Succ: 6/9/190 | avg time: 99.18 s | avg iter: 220.89
root        : INFO     Synthesis route found!
root        : INFO     Final search status | success value | iter: 6.899722254776493 | 9.841124640120118 | 135
root        : INFO     Succ: 7/10/190 | avg time: 94.70 s | avg iter: 212.30
root        : INFO     Synthesis route found!
root        : INFO     Final search status | success value | iter: 5.212174792888266 | 4.92067477405102 | 10
root        : INFO     Succ: 8/11/190 | avg time: 86.41 s | avg iter: 193.91
root        : INFO     Synthesis route found!
root        : INFO     Final search status | success value | iter: 4.028335711494816 | 3.8076255749197863 | 13
root        : INFO     Succ: 9/12/190 | avg time: 79.63 s | avg iter: 178.83
root        : INFO     Synthesis route found!
root        : INFO     Final search status | success value | iter: 1.176387402981793 | 0.7581505720659703 | 4
root        : INFO     Succ: 10/13/190 | avg time: 73.64 s | avg iter: 165.38
root        : INFO     Final search status | success value | iter: 13.179313648249112 | inf | 500
root        : INFO     Succ: 10/14/190 | avg time: 85.43 s | avg iter: 189.29
root        : INFO     Synthesis route found!
root        : INFO     Final search status | success value | iter: 7.961652182973836 | 8.009364445340388 | 90
root        : INFO     Succ: 11/15/190 | avg time: 82.04 s | avg iter: 182.67
root        : INFO     Synthesis route found!
root        : INFO     Final search status | success value | iter: 1.548213941786659 | 0.4748691336957424 | 4
root        : INFO     Succ: 12/16/190 | avg time: 77.00 s | avg iter: 171.50
root        : INFO     Synthesis route found!
root        : INFO     Final search status | success value | iter: 6.190958925672779 | 9.132361311016403 | 50
root        : INFO     Succ: 13/17/190 | avg time: 73.63 s | avg iter: 164.35
root        : INFO     Expansion fails on CC1=CC=CC(C)(C(F)(F)F)C1!
root        : INFO     Synthesis route found!
root        : INFO     Final search status | success value | iter: 2.5836476670755033 | 0.7421950827759511 | 8
root        : INFO     Succ: 14/18/190 | avg time: 69.66 s | avg iter: 155.67
root        : INFO     Synthesis route found!
root        : INFO     Final search status | success value | iter: 7.366951489410727 | 12.967565225958172 | 41
root        : INFO     Succ: 15/19/190 | avg time: 66.82 s | avg iter: 149.63
root        : INFO     Synthesis route found!
root        : INFO     Final search status | success value | iter: 8.352769468216328 | 8.225245711442547 | 474
root        : INFO     Succ: 16/20/190 | avg time: 73.96 s | avg iter: 165.85
root        : INFO     Synthesis route found!
root        : INFO     Final search status | success value | iter: 5.226162644262895 | 5.1978997350288685 | 7
root        : INFO     Succ: 17/21/190 | avg time: 70.56 s | avg iter: 158.29
root        : INFO     Synthesis route found!
root        : INFO     Final search status | success value | iter: 8.032130272421357 | 7.421953176505964 | 199
root        : INFO     Succ: 18/22/190 | avg time: 72.87 s | avg iter: 160.14
root        : INFO     Synthesis route found!
root        : INFO     Final search status | success value | iter: 1.1181583516500841 | 1.0001170050478183 | 4
root        : INFO     Succ: 19/23/190 | avg time: 69.78 s | avg iter: 153.35
root        : INFO     Synthesis route found!
root        : INFO     Final search status | success value | iter: 9.294887320648431 | 9.830482198594028 | 119
root        : INFO     Succ: 20/24/190 | avg time: 70.02 s | avg iter: 151.92
root        : INFO     Final search status | success value | iter: 9.938919846461346 | inf | 500
root        : INFO     Succ: 20/25/190 | avg time: 78.22 s | avg iter: 165.84
root        : INFO     Synthesis route found!
root        : INFO     Final search status | success value | iter: 0.6804605201739338 | 0.15868899829325722 | 3
root        : INFO     Succ: 21/26/190 | avg time: 75.25 s | avg iter: 159.58
root        : INFO     Final search status | success value | iter: 9.313350811036383 | inf | 500
root        : INFO     Succ: 21/27/190 | avg time: 80.52 s | avg iter: 172.19
root        : INFO     Synthesis route found!
root        : INFO     Final search status | success value | iter: 10.585873133017753 | 7.387991998320134 | 362
root        : INFO     Succ: 22/28/190 | avg time: 82.54 s | avg iter: 178.96
root        : INFO     Synthesis route found!
root        : INFO     Final search status | success value | iter: 1.6148481187156267 | 0.14932378474385616 | 7
root        : INFO     Succ: 23/29/190 | avg time: 79.79 s | avg iter: 173.03
root        : INFO     Synthesis route found!
root        : INFO     Final search status | success value | iter: 5.517683001143667 | 10.941440758757055 | 62
root        : INFO     Succ: 24/30/190 | avg time: 77.95 s | avg iter: 169.33
root        : INFO     Synthesis route found!
root        : INFO     Final search status | success value | iter: 8.51644486059102 | 6.532388102143596 | 52
root        : INFO     Succ: 25/31/190 | avg time: 76.40 s | avg iter: 165.55
root        : INFO     Synthesis route found!
root        : INFO     Final search status | success value | iter: 6.945226789421319 | 9.182856429967575 | 185
root        : INFO     Succ: 26/32/190 | avg time: 76.66 s | avg iter: 166.16
root        : INFO     Synthesis route found!
root        : INFO     Final search status | success value | iter: 6.716697712734558 | 11.681503592166873 | 21
root        : INFO     Succ: 27/33/190 | avg time: 74.66 s | avg iter: 161.76
root        : INFO     Synthesis route found!
root        : INFO     Final search status | success value | iter: 7.83742601475802 | 9.82598181783027 | 215
root        : INFO     Succ: 28/34/190 | avg time: 76.28 s | avg iter: 163.32
root        : INFO     Synthesis route found!
root        : INFO     Final search status | success value | iter: 5.246276120326758 | 5.6105774226293645 | 62
root        : INFO     Succ: 29/35/190 | avg time: 74.88 s | avg iter: 160.43
root        : INFO     Synthesis route found!
root        : INFO     Final search status | success value | iter: 10.114619079483123 | 15.585892405798026 | 138
root        : INFO     Succ: 30/36/190 | avg time: 74.72 s | avg iter: 159.81
root        : INFO     Synthesis route found!
root        : INFO     Final search status | success value | iter: 8.067928923025944 | 7.4931057495749895 | 14
root        : INFO     Succ: 31/37/190 | avg time: 72.87 s | avg iter: 155.86
root        : INFO     Synthesis route found!
root        : INFO     Final search status | success value | iter: 8.818041205327297 | 9.182342507629905 | 159
root        : INFO     Succ: 32/38/190 | avg time: 72.64 s | avg iter: 155.95
root        : INFO     Synthesis route found!
root        : INFO     Final search status | success value | iter: 10.515694026726202 | 10.726474745319331 | 275
root        : INFO     Succ: 33/39/190 | avg time: 73.44 s | avg iter: 159.00
root        : INFO     Synthesis route found!
root        : INFO     Final search status | success value | iter: 6.147355042259455 | 6.793248984481405 | 63
root        : INFO     Succ: 34/40/190 | avg time: 72.27 s | avg iter: 156.60
root        : INFO     Synthesis route found!
root        : INFO     Final search status | success value | iter: 7.934952063888604 | 7.3247749679732115 | 198
root        : INFO     Succ: 35/41/190 | avg time: 73.30 s | avg iter: 157.61
root        : INFO     Synthesis route found!
root        : INFO     Final search status | success value | iter: 3.8069629374531204 | 3.0356701934788286 | 12
root        : INFO     Succ: 36/42/190 | avg time: 71.68 s | avg iter: 154.14
root        : INFO     Synthesis route found!
root        : INFO     Final search status | success value | iter: 0.318775540960648 | 0.05523796181082589 | 2
root        : INFO     Succ: 37/43/190 | avg time: 70.03 s | avg iter: 150.60
root        : INFO     Synthesis route found!
root        : INFO     Final search status | success value | iter: 8.865351277752614 | 8.255174181837226 | 393
root        : INFO     Succ: 38/44/190 | avg time: 73.87 s | avg iter: 156.11
root        : INFO     Synthesis route found!
root        : INFO     Final search status | success value | iter: 6.915605648832032 | 11.880411528264347 | 14
root        : INFO     Succ: 39/45/190 | avg time: 72.37 s | avg iter: 152.96
root        : INFO     Final search status | success value | iter: 9.264720061442848 | inf | 500
root        : INFO     Succ: 39/46/190 | avg time: 76.66 s | avg iter: 160.50
root        : INFO     Final search status | success value | iter: 8.573942095517143 | inf | 500
root        : INFO     Succ: 39/47/190 | avg time: 80.20 s | avg iter: 167.72
root        : INFO     Final search status | success value | iter: 7.439002170733945 | inf | 500
root        : INFO     Succ: 39/48/190 | avg time: 82.58 s | avg iter: 174.65
06-15 17:01 root         INFO     Expansion fails on Cn1oc(=O)nc1SSc1nc(=O)on1C!
06-15 17:01 root         INFO     Expansion fails on Cn1oc(=O)nc1S(=O)[O-]!
06-15 17:02 root         INFO     Expansion fails on Cn1oc(=O)nc1SC#N!
06-15 17:02 root         INFO     Expansion fails on Cn1oc(=O)nc1SC(=O)Cl!06-15 17:03 root         INFO     Expansion fails on Cn1oc(=O)nc1SSc1nc(=O)on1C!
06-15 17:03 root         INFO     Synthesis route found!
06-15 17:03 root         INFO     Final search status | success value | iter: 7.1882198237728865 | 6.987341264402596 | 216
06-15 17:03 root         INFO     Succ: 40/49/190 | avg time: 82.47 s | avg iter: 175.49
06-15 17:04 root         INFO     Final search status | success value | iter: 9.127044111907637 | 7.307293956346232 | 132
06-15 17:04 root         INFO     Succ: 41/50/190 | avg time: 82.13 s | avg iter: 174.62
06-15 17:05 root         INFO     Synthesis route found!
06-15 17:05 root         INFO     Final search status | success value | iter: 6.742856546294148 | 12.14649707822886 | 158
06-15 17:05 root         INFO     Succ: 42/51/190 | avg time: 81.80 s | avg iter: 174.29
06-15 17:05 root         INFO     Synthesis route found!
06-15 17:05 root         INFO     Final search status | success value | iter: 1.5025888116799604 | 1.3985578132131873 | 9
06-15 17:05 root         INFO     Succ: 43/52/190 | avg time: 80.31 s | avg iter: 171.12
06-15 17:06 root         INFO     Synthesis route found!
06-15 17:06 root         INFO     Final search status | success value | iter: 5.74880875875361 | 5.563439737377078 | 114
06-15 17:06 root         INFO     Succ: 44/53/190 | avg time: 79.88 s | avg iter: 170.04
06-15 17:06 root         INFO     Synthesis route found!
06-15 17:06 root         INFO     Final search status | success value | iter: 0.9104224871990382 | 5.000990517615875 | 3
06-15 17:06 root         INFO     Succ: 45/54/190 | avg time: 78.45 s | avg iter: 166.94
06-15 17:06 root         INFO     Synthesis route found!
06-15 17:06 root         INFO     Final search status | success value | iter: 5.517694988845008 | 10.941452746458395 | 63
06-15 17:06 root         INFO     Succ: 46/55/190 | avg time: 77.57 s | avg iter: 165.05
06-15 17:06 root         INFO     Synthesis route found!
06-15 17:06 root         INFO     Final search status | success value | iter: 7.341991596855138 | 6.9088115756352275 | 8
06-15 17:06 root         INFO     Succ: 47/56/190 | avg time: 76.28 s | avg iter: 162.25
06-15 17:07 root         INFO     Synthesis route found!
06-15 17:07 root         INFO     Final search status | success value | iter: 7.663849286639351 | 6.533856110584357 | 73
06-15 17:07 root         INFO     Succ: 48/57/190 | avg time: 75.89 s | avg iter: 160.68
06-15 17:09 root         INFO     Expansion fails on O=S(Cl)Cl!
06-15 17:11 root         INFO     Final search status | success value | iter: 10.439873219797926 | inf | 500
06-15 17:11 root         INFO     Succ: 48/58/190 | avg time: 78.46 s | avg iter: 166.53
06-15 17:11 root         INFO     Expansion fails on C[Mg]Br!
06-15 17:11 root         INFO     Synthesis route found!
06-15 17:11 root         INFO     Final search status | success value | iter: 8.482054040997365 | 7.612762274081949 | 16
06-15 17:11 root         INFO     Succ: 49/59/190 | avg time: 77.30 s | avg iter: 163.98
06-15 17:11 root         INFO     Synthesis route found!
06-15 17:11 root         INFO     Final search status | success value | iter: 1.7561811541663472 | 0.2906568201945766 | 8
06-15 17:11 root         INFO     Succ: 50/60/190 | avg time: 76.08 s | avg iter: 161.38
06-15 17:12 root         INFO     Synthesis route found!
06-15 17:12 root         INFO     Final search status | success value | iter: 5.947780221747299 | 12.68127945908343 | 46
06-15 17:12 root         INFO     Succ: 51/61/190 | avg time: 75.16 s | avg iter: 159.49
06-15 17:13 root         INFO     Synthesis route found!
06-15 17:13 root         INFO     Final search status | success value | iter: 7.7618573037966545 | 7.151680207881265 | 152
06-15 17:13 root         INFO     Succ: 52/62/190 | avg time: 75.60 s | avg iter: 159.37
06-15 17:14 root         INFO     Synthesis route found!
06-15 17:14 root         INFO     Final search status | success value | iter: 5.8834499894642365 | 5.558979373856089 | 23
06-15 17:14 root         INFO     Succ: 53/63/190 | avg time: 74.57 s | avg iter: 157.21
06-15 17:17 root         INFO     Synthesis route found!
06-15 17:17 root         INFO     Final search status | success value | iter: 9.41637614015142 | 9.166143166293313 | 297
06-15 17:17 root         INFO     Succ: 54/64/190 | avg time: 76.82 s | avg iter: 159.39
06-15 17:19 root         INFO     Synthesis route found!
06-15 17:19 root         INFO     Final search status | success value | iter: 8.864830697328975 | 15.333301711269756 | 223
06-15 17:19 root         INFO     Succ: 55/65/190 | avg time: 77.37 s | avg iter: 160.37
06-15 17:23 root         INFO     Synthesis route found!
06-15 17:23 root         INFO     Final search status | success value | iter: 8.233740378022656 | 7.5352343987782975 | 417
06-15 17:23 root         INFO     Succ: 56/66/190 | avg time: 80.23 s | avg iter: 164.26
06-15 17:24 root         INFO     Synthesis route found!
06-15 17:24 root         INFO     Final search status | success value | iter: 7.024698727764104 | 6.908198973109787 | 36
06-15 17:24 root         INFO     Succ: 57/67/190 | avg time: 79.32 s | avg iter: 162.34
06-15 17:24 root         INFO     Synthesis route found!
06-15 17:24 root         INFO     Final search status | success value | iter: 9.705546013350808 | 14.27323694432147 | 46
06-15 17:24 root         INFO     Succ: 58/68/190 | avg time: 78.45 s | avg iter: 160.63
06-15 17:25 root         INFO     Synthesis route found!
06-15 17:25 root         INFO     Final search status | success value | iter: 7.758413667745179 | 9.534258571080567 | 110
06-15 17:25 root         INFO     Succ: 59/69/190 | avg time: 78.06 s | avg iter: 159.90
06-15 17:27 root         INFO     Synthesis route found!
06-15 17:27 root         INFO     Final search status | success value | iter: 8.01564229788797 | 7.405465201972581 | 196
06-15 17:27 root         INFO     Succ: 60/70/190 | avg time: 78.97 s | avg iter: 160.41
06-15 17:29 root         INFO     Synthesis route found!
06-15 17:29 root         INFO     Final search status | success value | iter: 9.437960290349935 | 8.714301262446035 | 172
06-15 17:29 root         INFO     Succ: 61/71/190 | avg time: 78.98 s | avg iter: 160.58
06-15 17:29 root         INFO     Synthesis route found!
06-15 17:29 root         INFO     Final search status | success value | iter: 7.207393103279088 | 12.036429511452189 | 73
06-15 17:29 root         INFO     Succ: 62/72/190 | avg time: 78.34 s | avg iter: 159.36
06-15 17:30 root         INFO     Synthesis route found!
06-15 17:30 root         INFO     Final search status | success value | iter: 6.751487411601696 | 13.122864604970582 | 35
06-15 17:30 root         INFO     Succ: 63/73/190 | avg time: 77.51 s | avg iter: 157.66
06-15 17:30 root         INFO     Synthesis route found!
06-15 17:30 root         INFO     Final search status | success value | iter: 8.973510956026207 | 8.614259132452393 | 36
06-15 17:30 root         INFO     Succ: 64/74/190 | avg time: 76.80 s | avg iter: 156.01
06-15 17:30 root         INFO     Expansion fails on C=C1CC2(CC[C@]1(C)[C@H]1CC[C@]3(C)[C@@H](N(C=O)C4CC4)CC[C@H]3[C@@H]1CC#C[Si](C)(C)C)OCCO2!
06-15 17:32 root         INFO     Expansion fails on C=C1CC2(CC[C@]1(C)[C@H]1CC[C@]3(C)[C@@H](N(C=O)C4CC4)CC[C@H]3[C@@H]1CC#C[Si](C)(C)C)OCCO2!
06-15 17:33 root         INFO     Expansion fails on C=C1CC2(CC[C@]1(C)[C@H]1CC[C@]3(C)[C@@H](N(C=O)C4CC4)CC[C@H]3[C@@H]1CC#C[Si](C)(C)C)OCCO2!
06-15 17:33 root         INFO     Synthesis route found!
06-15 17:33 root         INFO     Final search status | success value | iter: 14.785477385323503 | 17.188500055510474 | 372
06-15 17:33 root         INFO     Succ: 65/75/190 | avg time: 78.12 s | avg iter: 158.89
06-15 17:34 root         INFO     Synthesis route found!
06-15 17:34 root         INFO     Final search status | success value | iter: 7.573298596776937 | 13.815510557964274 | 123
06-15 17:34 root         INFO     Succ: 66/76/190 | avg time: 77.83 s | avg iter: 158.42
06-15 17:34 root         INFO     Synthesis route found!
06-15 17:34 root         INFO     Final search status | success value | iter: 6.24173778667522 | 12.975237024011353 | 34
06-15 17:34 root         INFO     Succ: 67/77/190 | avg time: 77.00 s | avg iter: 156.81
06-15 17:34 root         INFO     Synthesis route found!
06-15 17:34 root         INFO     Final search status | success value | iter: 0.4964581906275217 | 0.17927037908632368 | 2
06-15 17:34 root         INFO     Succ: 68/78/190 | avg time: 76.03 s | avg iter: 154.82
06-15 17:34 root         INFO     Synthesis route found!
06-15 17:34 root         INFO     Final search status | success value | iter: 2.4826247059467366 | 4.181746485691546 | 3
06-15 17:34 root         INFO     Succ: 69/79/190 | avg time: 75.10 s | avg iter: 152.90
06-15 17:39 root         INFO     Final search status | success value | iter: 9.70198278059182 | inf | 500
06-15 17:39 root         INFO     Succ: 69/80/190 | avg time: 78.14 s | avg iter: 157.24
06-15 17:40 root         INFO     Synthesis route found!
06-15 17:40 root         INFO     Final search status | success value | iter: 7.047043432649613 | 13.205684734676336 | 118
06-15 17:40 root         INFO     Succ: 70/81/190 | avg time: 77.82 s | avg iter: 156.75
06-15 17:46 root         INFO     Final search status | success value | iter: 15.146882367097325 | inf | 500
06-15 17:46 root         INFO     Succ: 70/82/190 | avg time: 81.25 s | avg iter: 160.94
06-15 17:48 root         INFO     Synthesis route found!
06-15 17:48 root         INFO     Final search status | success value | iter: 8.116110702745036 | 6.9079095775164 | 242
06-15 17:48 root         INFO     Succ: 71/83/190 | avg time: 81.79 s | avg iter: 161.92
06-15 17:49 root         INFO     Expansion fails on C[C@@H](n1ccn(C(=O)OC(C)(C)C)c1=O)[C@@]1(c2cc(Cl)c(F)cc2F)CO1!
06-15 17:50 root         INFO     Expansion fails on C[C@@H](n1ccn(C(=O)OC(C)(C)C)c1=O)[C@@]1(c2cc(Cl)c(F)cc2F)CO1!
06-15 17:50 root         INFO     Expansion fails on C[C@@H](n1ccn(C(=O)OC(C)(C)C)c1=O)[C@@]1(c2ccc(F)c(Cl)c2F)CO1!
06-15 17:50 root         INFO     Expansion fails on C[C@@H](n1ccn(C(=O)OC(C)(C)C)c1=O)[C@@]1(c2ccc(F)c(Cl)c2F)CO1!
06-15 17:51 root         INFO     Expansion fails on C[C@@H](n1ccn(C(=O)OC(C)(C)C)c1=O)[C@@]1(c2cc(Cl)c(F)cc2F)CO1!
06-15 17:51 root         INFO     Expansion fails on C[C@@H](n1ccn(C(=O)OC(C)(C)C)c1=O)[C@@]1(c2ccc(F)c(Cl)c2F)CO1!
06-15 17:52 root         INFO     Expansion fails on C[C@@H](n1ccn(C(=O)OC(C)(C)C)c1=O)[C@@]1(c2ccc(F)c(Cl)c2F)CO1!
06-15 17:52 root         INFO     Expansion fails on C[C@@H](n1ccn(C(=O)OC(C)(C)C)c1=O)[C@@]1(c2cc(Cl)c(F)cc2F)CO1!
06-15 17:52 root         INFO     Expansion fails on C[C@@H](n1ccn(C(=O)OC(C)(C)C)c1=O)[C@@]1(c2cc(Cl)c(F)cc2F)CO1!
06-15 17:52 root         INFO     Final search status | success value | iter: 10.87741493392037 | inf | 500
06-15 17:52 root         INFO     Succ: 71/84/190 | avg time: 83.49 s | avg iter: 165.94
06-15 17:53 root         INFO     Synthesis route found!
06-15 17:53 root         INFO     Final search status | success value | iter: 6.145628639526276 | 10.153773626822892 | 69
06-15 17:53 root         INFO     Succ: 72/85/190 | avg time: 83.02 s | avg iter: 164.80
06-15 17:53 root         INFO     Synthesis route found!
06-15 17:53 root         INFO     Final search status | success value | iter: 8.507154421750727 | 13.720673433698579 | 31
06-15 17:53 root         INFO     Succ: 73/86/190 | avg time: 82.24 s | avg iter: 163.24
06-15 17:54 root         INFO     Synthesis route found!
06-15 17:54 root         INFO     Final search status | success value | iter: 7.14676340645441 | 12.554105966720103 | 40
06-15 17:54 root         INFO     Succ: 74/87/190 | avg time: 81.57 s | avg iter: 161.83
06-15 17:56 root         INFO     Synthesis route found!
06-15 17:56 root         INFO     Final search status | success value | iter: 10.670916191019048 | 16.7403876331596 | 323
06-15 17:56 root         INFO     Succ: 75/88/190 | avg time: 82.64 s | avg iter: 163.66
06-15 17:56 root         INFO     Expansion fails on CC1=CC=CC(C)(C(F)(F)F)C1!
06-15 17:56 root         INFO     Synthesis route found!
06-15 17:56 root         INFO     Final search status | success value | iter: 2.5839559720255614 | 0.7425033877260092 | 9
06-15 17:56 root         INFO     Succ: 76/89/190 | avg time: 81.75 s | avg iter: 161.92
06-15 17:58 root         INFO     Synthesis route found!
06-15 17:58 root         INFO     Final search status | success value | iter: 8.818004513962492 | 9.1823058162651 | 236
06-15 17:58 root         INFO     Succ: 77/90/190 | avg time: 82.11 s | avg iter: 162.74
06-15 18:01 root         INFO     Synthesis route found!
06-15 18:01 root         INFO     Final search status | success value | iter: 10.563328903840969 | 8.924087632324104 | 406
06-15 18:01 root         INFO     Succ: 78/91/190 | avg time: 83.16 s | avg iter: 165.42
06-15 18:01 root         INFO     Synthesis route found!
06-15 18:01 root         INFO     Final search status | success value | iter: 1.320680711944656 | 0.9619496102920264 | 6
06-15 18:01 root         INFO     Succ: 79/92/190 | avg time: 82.29 s | avg iter: 163.68
06-15 18:01 root         INFO     Synthesis route found!
06-15 18:01 root         INFO     Final search status | success value | iter: 1.5194836529107325 | 1.917973715556325 | 4
06-15 18:01 root         INFO     Succ: 80/93/190 | avg time: 81.42 s | avg iter: 161.97
06-15 18:01 root         INFO     Synthesis route found!
06-15 18:01 root         INFO     Final search status | success value | iter: 0.46881018766770133 | 0.10300142925850161 | 4
06-15 18:01 root         INFO     Succ: 81/94/190 | avg time: 80.57 s | avg iter: 160.29
06-15 18:07 root         INFO     Final search status | success value | iter: 9.911445617154437 | inf | 500
06-15 18:07 root         INFO     Succ: 81/95/190 | avg time: 83.19 s | avg iter: 163.86
06-15 18:07 root         INFO     Synthesis route found!
06-15 18:07 root         INFO     Final search status | success value | iter: 6.616970600109086 | 12.988347793477974 | 26
06-15 18:07 root         INFO     Succ: 82/96/190 | avg time: 82.46 s | avg iter: 162.43
06-15 18:08 root         INFO     Synthesis route found!
06-15 18:08 root         INFO     Final search status | success value | iter: 7.539389294540495 | 12.354450652239212 | 169
06-15 18:08 root         INFO     Succ: 83/97/190 | avg time: 82.42 s | avg iter: 162.49
06-15 18:10 root         INFO     Synthesis route found!
06-15 18:10 root         INFO     Final search status | success value | iter: 8.79663337037324 | 7.563323918378505 | 225
06-15 18:10 root         INFO     Succ: 84/98/190 | avg time: 82.78 s | avg iter: 163.13
06-15 18:11 root         INFO     Synthesis route found!
06-15 18:11 root         INFO     Final search status | success value | iter: 6.09516674606476 | 12.613827910743307 | 46
06-15 18:11 root         INFO     Succ: 85/99/190 | avg time: 82.24 s | avg iter: 161.95
06-15 18:12 root         INFO     Synthesis route found!
06-15 18:12 root         INFO     Final search status | success value | iter: 8.576332457304574 | 13.943667209073473 | 109
06-15 18:12 root         INFO     Succ: 86/100/190 | avg time: 81.88 s | avg iter: 161.42
06-15 18:13 root         INFO     Synthesis route found!
06-15 18:13 root         INFO     Final search status | success value | iter: 7.1161537569125555 | 10.05755614225618 | 184
06-15 18:13 root         INFO     Succ: 87/101/190 | avg time: 81.96 s | avg iter: 161.64
06-15 18:18 root         INFO     Synthesis route found!
06-15 18:18 root         INFO     Final search status | success value | iter: 8.799652013436406 | 8.189474917521014 | 385
06-15 18:18 root         INFO     Succ: 88/102/190 | avg time: 83.80 s | avg iter: 163.83
06-15 18:22 root         INFO     Final search status | success value | iter: 10.324719716579798 | inf | 500
06-15 18:22 root         INFO     Succ: 88/103/190 | avg time: 85.78 s | avg iter: 167.10
06-15 18:27 root         INFO     Final search status | success value | iter: 12.026174237922328 | inf | 500
06-15 18:27 root         INFO     Succ: 88/104/190 | avg time: 87.51 s | avg iter: 170.30
06-15 18:28 root         INFO     Synthesis route found!
06-15 18:28 root         INFO     Final search status | success value | iter: 8.577171806081383 | 13.944506557850282 | 130
06-15 18:28 root         INFO     Succ: 89/105/190 | avg time: 87.20 s | avg iter: 169.91
06-15 18:28 root         INFO     Synthesis route found!
06-15 18:28 root         INFO     Final search status | success value | iter: 5.657560563870994 | 9.60276576803087 | 29
06-15 18:28 root         INFO     Succ: 90/106/190 | avg time: 86.52 s | avg iter: 168.58
06-15 18:28 root         INFO     Synthesis route found!
06-15 18:28 root         INFO     Final search status | success value | iter: 6.810357934482973 | 8.671365567549152 | 28
06-15 18:28 root         INFO     Succ: 91/107/190 | avg time: 85.87 s | avg iter: 167.27
06-15 18:28 root         INFO     Synthesis route found!
06-15 18:28 root         INFO     Final search status | success value | iter: 1.134977666162853 | 0.7762465645102236 | 6
06-15 18:28 root         INFO     Succ: 92/108/190 | avg time: 85.10 s | avg iter: 165.78
06-15 18:29 root         INFO     Synthesis route found!
06-15 18:29 root         INFO     Final search status | success value | iter: 5.212211134275225 | 4.920711115437978 | 11
06-15 18:29 root         INFO     Succ: 93/109/190 | avg time: 84.37 s | avg iter: 164.36
06-15 18:29 root         INFO     Synthesis route found!
06-15 18:29 root         INFO     Final search status | success value | iter: 7.0186266127688866 | 5.880621804064017 | 26
06-15 18:29 root         INFO     Succ: 94/110/190 | avg time: 83.71 s | avg iter: 163.10
06-15 18:30 root         INFO     Synthesis route found!
06-15 18:30 root         INFO     Final search status | success value | iter: 8.724351948541894 | 14.091686700310794 | 142
06-15 18:30 root         INFO     Succ: 95/111/190 | avg time: 83.51 s | avg iter: 162.91
06-15 18:30 root         INFO     Synthesis route found!
06-15 18:30 root         INFO     Final search status | success value | iter: 2.5934318294405423 | 1.8221390854662503 | 7
06-15 18:30 root         INFO     Succ: 96/112/190 | avg time: 82.81 s | avg iter: 161.52
06-15 18:30 root         INFO     Synthesis route found!
06-15 18:30 root         INFO     Final search status | success value | iter: 6.45402232478439 | 7.099916267006339 | 73
06-15 18:30 root         INFO     Succ: 97/113/190 | avg time: 82.42 s | avg iter: 160.73
06-15 18:31 root         INFO     Synthesis route found!
06-15 18:31 root         INFO     Final search status | success value | iter: 0.5399271455631234 | 0.31174833145021114 | 7
06-15 18:31 root         INFO     Succ: 98/114/190 | avg time: 81.72 s | avg iter: 159.39
06-15 18:32 root         INFO     Synthesis route found!
06-15 18:32 root         INFO     Final search status | success value | iter: 12.774548391961584 | 12.485214251826438 | 153
06-15 18:32 root         INFO     Succ: 99/115/190 | avg time: 81.61 s | avg iter: 159.33
06-15 18:36 root         INFO     Final search status | success value | iter: 8.793604824509487 | inf | 500
06-15 18:36 root         INFO     Succ: 99/116/190 | avg time: 82.89 s | avg iter: 162.27
06-15 18:36 root         INFO     Expansion fails on Cn1oc(=O)nc1SSc1nc(=O)on1C!
06-15 18:36 root         INFO     Expansion fails on Cn1oc(=O)nc1S(=O)[O-]!
06-15 18:36 root         INFO     Expansion fails on Cn1oc(=O)nc1SC#N!
06-15 18:36 root         INFO     Expansion fails on Cn1oc(=O)nc1SC(=O)Cl!
06-15 18:36 root         INFO     Expansion fails on Cn1oc(=O)nc1SSc1nc(=O)on1C!
06-15 18:37 root         INFO     Expansion fails on Cn1oc(=O)nc1SSc1nc(=O)on1C!
06-15 18:37 root         INFO     Synthesis route found!
06-15 18:37 root         INFO     Final search status | success value | iter: 7.168810513517592 | 6.967931954147301 | 197
06-15 18:37 root         INFO     Succ: 100/117/190 | avg time: 82.87 s | avg iter: 162.56
06-15 18:37 root         INFO     Synthesis route found!
06-15 18:37 root         INFO     Final search status | success value | iter: 7.776534262158361 | 7.254172452598771 | 21
06-15 18:37 root         INFO     Succ: 101/118/190 | avg time: 82.28 s | avg iter: 161.36
06-15 18:43 root         INFO     Final search status | success value | iter: 9.095089526361068 | inf | 500
06-15 18:43 root         INFO     Succ: 101/119/190 | avg time: 84.55 s | avg iter: 164.21
06-15 18:44 root         INFO     Synthesis route found!
06-15 18:44 root         INFO     Final search status | success value | iter: 10.594226691591802 | 15.161917622562465 | 114
06-15 18:44 root         INFO     Succ: 102/120/190 | avg time: 84.26 s | avg iter: 163.79
06-15 18:44 root         INFO     Synthesis route found!
06-15 18:44 root         INFO     Final search status | success value | iter: 0.8509128100748279 | 7.666692631090637 | 6
06-15 18:44 root         INFO     Succ: 103/121/190 | avg time: 83.59 s | avg iter: 162.49
06-15 18:44 root         INFO     Synthesis route found!
06-15 18:44 root         INFO     Final search status | success value | iter: 5.878286519987864 | 5.779989952797296 | 19
06-15 18:44 root         INFO     Succ: 104/122/190 | avg time: 82.97 s | avg iter: 161.31
06-15 18:44 root         INFO     Synthesis route found!
06-15 18:44 root         INFO     Final search status | success value | iter: 7.1466374725500605 | 12.553980032815753 | 40
06-15 18:44 root         INFO     Succ: 105/123/190 | avg time: 82.49 s | avg iter: 160.33
06-15 18:50 root         INFO     Final search status | success value | iter: 10.287386362044261 | inf | 500
06-15 18:50 root         INFO     Succ: 105/124/190 | avg time: 84.74 s | avg iter: 163.06
06-15 18:51 root         INFO     Synthesis route found!
06-15 18:51 root         INFO     Final search status | success value | iter: 5.96402789989538 | 12.697527137231514 | 48
06-15 18:51 root         INFO     Succ: 106/125/190 | avg time: 84.23 s | avg iter: 162.14
06-15 18:55 root         INFO     Final search status | success value | iter: 8.633949649927999 | inf | 500
06-15 18:55 root         INFO     Succ: 106/126/190 | avg time: 85.37 s | avg iter: 164.83
06-15 18:59 root         INFO     Synthesis route found!
06-15 18:59 root         INFO     Final search status | success value | iter: 9.548143491141277 | 8.937966395225887 | 331
06-15 18:59 root         INFO     Succ: 107/127/190 | avg time: 86.59 s | avg iter: 166.13
06-15 18:59 root         INFO     Synthesis route found!
06-15 18:59 root         INFO     Final search status | success value | iter: 4.030035831064066 | 3.8093256944890372 | 14
06-15 18:59 root         INFO     Succ: 108/128/190 | avg time: 85.96 s | avg iter: 164.95
06-15 18:59 root         INFO     Synthesis route found!
06-15 18:59 root         INFO     Final search status | success value | iter: 1.5774188500716544 | 1.2186877484190248 | 6
06-15 18:59 root         INFO     Succ: 109/129/190 | avg time: 85.32 s | avg iter: 163.71
06-15 18:59 root         INFO     Synthesis route found!
06-15 18:59 root         INFO     Final search status | success value | iter: 7.249778499889849 | 9.463560139720286 | 92
06-15 18:59 root         INFO     Succ: 110/130/190 | avg time: 84.98 s | avg iter: 163.16
06-15 19:02 root         INFO     Synthesis route found!
06-15 19:02 root         INFO     Final search status | success value | iter: 8.496225883864629 | 7.288024758635994 | 335
06-15 19:02 root         INFO     Succ: 111/131/190 | avg time: 85.62 s | avg iter: 164.47
06-15 19:04 root         INFO     Synthesis route found!
06-15 19:04 root         INFO     Final search status | success value | iter: 9.908083410501956 | 10.118864129095089 | 255
06-15 19:04 root         INFO     Succ: 112/132/190 | avg time: 85.85 s | avg iter: 165.16
06-15 19:05 root         INFO     Synthesis route found!
06-15 19:05 root         INFO     Final search status | success value | iter: 5.646291771221646 | 5.460922749845115 | 100
06-15 19:05 root         INFO     Succ: 113/133/190 | avg time: 85.55 s | avg iter: 164.67
06-15 19:05 root         INFO     Synthesis route found!
06-15 19:05 root         INFO     Final search status | success value | iter: 1.6150254213444568 | 0.14950108737268622 | 8
06-15 19:05 root         INFO     Succ: 114/134/190 | avg time: 84.94 s | avg iter: 163.50
06-15 19:08 root         INFO     Synthesis route found!
06-15 19:08 root         INFO     Final search status | success value | iter: 10.624229209646785 | 8.98498793812992 | 456
06-15 19:08 root         INFO     Succ: 115/135/190 | avg time: 85.77 s | avg iter: 165.67
06-15 19:09 root         INFO     Synthesis route found!
06-15 19:09 root         INFO     Final search status | success value | iter: 7.050054930741789 | 7.0076348971084945 | 45
06-15 19:09 root         INFO     Succ: 116/136/190 | avg time: 85.28 s | avg iter: 164.78
06-15 19:09 root         INFO     Synthesis route found!
06-15 19:09 root         INFO     Final search status | success value | iter: 10.19827403966329 | 11.675772257016813 | 2
06-15 19:09 root         INFO     Succ: 117/137/190 | avg time: 84.67 s | avg iter: 163.59
06-15 19:09 root         INFO     Synthesis route found!
06-15 19:09 root         INFO     Final search status | success value | iter: 6.834086827097718 | 13.597697407102386 | 11
06-15 19:09 root         INFO     Succ: 118/138/190 | avg time: 84.11 s | avg iter: 162.49
06-15 19:09 root         INFO     Synthesis route found!
06-15 19:09 root         INFO     Final search status | success value | iter: 2.482286270394881 | 4.18140805013969 | 2
06-15 19:09 root         INFO     Succ: 119/139/190 | avg time: 83.52 s | avg iter: 161.33
06-15 19:11 root         INFO     Synthesis route found!
06-15 19:11 root         INFO     Final search status | success value | iter: 9.588424194973042 | 9.338191221114936 | 179
06-15 19:11 root         INFO     Succ: 120/140/190 | avg time: 83.83 s | avg iter: 161.46
06-15 19:11 root         INFO     Synthesis route found!
06-15 19:11 root         INFO     Final search status | success value | iter: 9.181706366312802 | 8.606883192861849 | 21
06-15 19:11 root         INFO     Succ: 121/141/190 | avg time: 83.32 s | avg iter: 160.46
06-15 19:14 root         INFO     Synthesis route found!
06-15 19:14 root         INFO     Final search status | success value | iter: 7.4043690496785 | 7.122860457233372 | 369
06-15 19:14 root         INFO     Succ: 122/142/190 | avg time: 83.84 s | avg iter: 161.93
06-15 19:14 root         INFO     Synthesis route found!
06-15 19:14 root         INFO     Final search status | success value | iter: 0.3189691689972287 | 0.05543158984740659 | 3
06-15 19:14 root         INFO     Succ: 123/143/190 | avg time: 83.26 s | avg iter: 160.82
06-15 19:16 root         INFO     Synthesis route found!
06-15 19:16 root         INFO     Final search status | success value | iter: 10.24228801671407 | 9.547547648238766 | 242
06-15 19:16 root         INFO     Succ: 124/144/190 | avg time: 83.55 s | avg iter: 161.38
06-15 19:16 root         INFO     Synthesis route found!
06-15 19:16 root         INFO     Final search status | success value | iter: 0.28045712841374093 | 0.12211686311299406 | 4
06-15 19:16 root         INFO     Succ: 125/145/190 | avg time: 82.98 s | avg iter: 160.30
06-15 19:16 root         INFO     Synthesis route found!
06-15 19:16 root         INFO     Final search status | success value | iter: 7.065033482564985 | 6.961002484098212 | 9
06-15 19:16 root         INFO     Succ: 126/146/190 | avg time: 82.44 s | avg iter: 159.26
06-15 19:16 root         INFO     Synthesis route found!
06-15 19:16 root         INFO     Final search status | success value | iter: 1.6146162492836738 | 0.1490919153119033 | 6
06-15 19:16 root         INFO     Succ: 127/147/190 | avg time: 81.91 s | avg iter: 158.22
06-15 19:18 root         INFO     Synthesis route found!
06-15 19:18 root         INFO     Final search status | success value | iter: 8.491260605861783 | 8.855561908164391 | 288
06-15 19:18 root         INFO     Succ: 128/148/190 | avg time: 82.29 s | avg iter: 159.09
06-15 19:18 root         INFO     Synthesis route found!
06-15 19:18 root         INFO     Final search status | success value | iter: 0.3611795063142652 | 0.0024484046616356048 | 5
06-15 19:18 root         INFO     Succ: 129/149/190 | avg time: 81.75 s | avg iter: 158.06
06-15 19:21 root         INFO     Synthesis route found!
06-15 19:21 root         INFO     Final search status | success value | iter: 9.734135978046163 | 9.483903004188054 | 259
06-15 19:21 root         INFO     Succ: 130/150/190 | avg time: 82.49 s | avg iter: 158.73
06-15 19:24 root         INFO     Synthesis route found!
06-15 19:24 root         INFO     Final search status | success value | iter: 8.217715628820867 | 7.607538532905476 | 231
06-15 19:24 root         INFO     Succ: 131/151/190 | avg time: 83.05 s | avg iter: 159.21
06-15 19:24 root         INFO     Synthesis route found!
06-15 19:24 root         INFO     Final search status | success value | iter: 1.6167006578318925 | 0.15117632386012203 | 8
06-15 19:24 root         INFO     Succ: 132/152/190 | avg time: 82.53 s | avg iter: 158.22
06-15 19:28 root         INFO     Synthesis route found!
06-15 19:28 root         INFO     Final search status | success value | iter: 8.657627145005792 | 8.0474500490904 | 285
06-15 19:28 root         INFO     Succ: 133/153/190 | avg time: 83.29 s | avg iter: 159.05
06-15 19:28 root         INFO     Synthesis route found!
06-15 19:28 root         INFO     Final search status | success value | iter: 1.9790106002578554 | 1.8609692536555893 | 4
06-15 19:28 root         INFO     Succ: 134/154/190 | avg time: 82.76 s | avg iter: 158.04
06-15 19:28 root         INFO     Synthesis route found!
06-15 19:28 root         INFO     Final search status | success value | iter: 5.212145260000624 | 4.920645241163378 | 9
06-15 19:28 root         INFO     Succ: 135/155/190 | avg time: 82.25 s | avg iter: 157.08
06-15 19:28 root         INFO     Synthesis route found!
06-15 19:28 root         INFO     Final search status | success value | iter: 1.8832084140597605 | 0.9929878370006887 | 6
06-15 19:28 root         INFO     Succ: 136/156/190 | avg time: 81.75 s | avg iter: 156.11
06-15 19:32 root         INFO     Final search status | success value | iter: 8.997390998766255 | inf | 500
06-15 19:32 root         INFO     Succ: 136/157/190 | avg time: 82.65 s | avg iter: 158.30
06-15 19:33 root         INFO     Synthesis route found!
06-15 19:33 root         INFO     Final search status | success value | iter: 7.7625835338229 | 7.152406437907512 | 153
06-15 19:33 root         INFO     Succ: 137/158/190 | avg time: 82.81 s | avg iter: 158.27
06-15 19:35 root         INFO     Synthesis route found!
06-15 19:35 root         INFO     Final search status | success value | iter: 8.818317110704943 | 9.18261841300755 | 179
06-15 19:35 root         INFO     Succ: 138/159/190 | avg time: 82.85 s | avg iter: 158.40
06-15 19:39 root         INFO     Final search status | success value | iter: 8.881147511664306 | inf | 500
06-15 19:39 root         INFO     Succ: 138/160/190 | avg time: 83.74 s | avg iter: 160.53
06-15 19:42 root         INFO     Synthesis route found!
06-15 19:42 root         INFO     Final search status | success value | iter: 9.251332681813572 | 9.001099707955465 | 296
06-15 19:42 root         INFO     Succ: 139/161/190 | avg time: 84.51 s | avg iter: 161.37
06-15 19:42 root         INFO     Synthesis route found!
06-15 19:42 root         INFO     Final search status | success value | iter: 3.8428727562642773 | 7.593806950657396 | 8
06-15 19:42 root         INFO     Succ: 140/162/190 | avg time: 84.02 s | avg iter: 160.43
06-15 19:52 root         INFO     Final search status | success value | iter: 6.761487823806749 | inf | 500
06-15 19:52 root         INFO     Succ: 140/163/190 | avg time: 87.26 s | avg iter: 162.51
06-15 19:53 root         INFO     Synthesis route found!
06-15 19:53 root         INFO     Final search status | success value | iter: 6.927090219472536 | 7.057991237602223 | 119
06-15 19:53 root         INFO     Succ: 141/164/190 | avg time: 87.11 s | avg iter: 162.24
06-15 19:56 root         INFO     Synthesis route found!
06-15 19:56 root         INFO     Final search status | success value | iter: 7.404308499751821 | 7.1227999073066925 | 355
06-15 19:56 root         INFO     Succ: 142/165/190 | avg time: 87.47 s | avg iter: 163.41
06-15 19:57 root         INFO     Synthesis route found!
06-15 19:57 root         INFO     Final search status | success value | iter: 7.520982705987905 | 6.924602190357145 | 160
06-15 19:57 root         INFO     Succ: 143/166/190 | avg time: 87.42 s | avg iter: 163.39
06-15 19:57 root         INFO     Synthesis route found!
06-15 19:57 root         INFO     Final search status | success value | iter: 6.103558224657625 | 5.779087609049478 | 20
06-15 19:57 root         INFO     Succ: 144/167/190 | avg time: 86.95 s | avg iter: 162.53
06-15 19:57 root         INFO     Synthesis route found!
06-15 19:57 root         INFO     Final search status | success value | iter: 1.519458972210218 | 1.9179490348558106 | 3
06-15 19:57 root         INFO     Succ: 145/168/190 | avg time: 86.45 s | avg iter: 161.58
06-15 19:57 root         INFO     Synthesis route found!
06-15 19:57 root         INFO     Final search status | success value | iter: 0.43534486321004645 | 0.408033612781656 | 2
06-15 19:57 root         INFO     Succ: 146/169/190 | avg time: 85.94 s | avg iter: 160.64
06-15 19:58 root         INFO     Synthesis route found!
06-15 19:58 root         INFO     Final search status | success value | iter: 7.653182351030324 | 6.919384684421133 | 132
06-15 19:58 root         INFO     Succ: 147/170/190 | avg time: 85.78 s | avg iter: 160.47
06-15 19:58 root         INFO     Synthesis route found!
06-15 19:58 root         INFO     Final search status | success value | iter: 0.3958802482632219 | 0.037149146610592224 | 6
06-15 19:58 root         INFO     Succ: 148/171/190 | avg time: 85.29 s | avg iter: 159.57
06-15 19:59 root         INFO     Synthesis route found!
06-15 19:59 root         INFO     Final search status | success value | iter: 6.96342424396417 | 7.308992413465278 | 54
06-15 19:59 root         INFO     Succ: 149/172/190 | avg time: 84.98 s | avg iter: 158.95
06-15 20:00 root         INFO     Synthesis route found!
06-15 20:00 root         INFO     Final search status | success value | iter: 8.007612439149787 | 7.8257287719299775 | 133
06-15 20:00 root         INFO     Succ: 150/173/190 | avg time: 84.92 s | avg iter: 158.80
06-15 20:02 root         INFO     Synthesis route found!
06-15 20:02 root         INFO     Final search status | success value | iter: 9.858936155037977 | 10.06971687363111 | 241
06-15 20:02 root         INFO     Succ: 151/174/190 | avg time: 85.06 s | avg iter: 159.28
06-15 20:03 root         INFO     Synthesis route found!
06-15 20:03 root         INFO     Final search status | success value | iter: 8.992243646862462 | 9.731715539065604 | 107
06-15 20:03 root         INFO     Succ: 152/175/190 | avg time: 85.02 s | avg iter: 158.98
06-15 20:04 root         INFO     Synthesis route found!
06-15 20:04 root         INFO     Final search status | success value | iter: 8.189521277955023 | 14.5029653792066 | 82
06-15 20:04 root         INFO     Succ: 153/176/190 | avg time: 84.72 s | avg iter: 158.54
06-15 20:04 root         INFO     Synthesis route found!
06-15 20:04 root         INFO     Final search status | success value | iter: 7.601549465732742 | 13.202163202280184 | 69
06-15 20:04 root         INFO     Succ: 154/177/190 | avg time: 84.42 s | avg iter: 158.03
06-15 20:09 root         INFO     Final search status | success value | iter: 10.312972493032984 | inf | 500
06-15 20:09 root         INFO     Succ: 154/178/190 | avg time: 85.45 s | avg iter: 159.96
06-15 20:09 root         INFO     Synthesis route found!
06-15 20:09 root         INFO     Final search status | success value | iter: 7.350249194539998 | 8.010488818423815 | 12
06-15 20:09 root         INFO     Succ: 155/179/190 | avg time: 85.03 s | avg iter: 159.13
06-15 20:13 root         INFO     Final search status | success value | iter: 11.743108020601303 | inf | 500
06-15 20:13 root         INFO     Succ: 155/180/190 | avg time: 85.88 s | avg iter: 161.02
06-15 20:13 root         INFO     Synthesis route found!
06-15 20:13 root         INFO     Final search status | success value | iter: 0.6853107157102163 | 0.1635391938295399 | 4
06-15 20:13 root         INFO     Succ: 156/181/190 | avg time: 85.41 s | avg iter: 160.15
06-15 20:13 root         INFO     Synthesis route found!
06-15 20:13 root         INFO     Final search status | success value | iter: 8.288436295406497 | 9.380352818909243 | 35
06-15 20:13 root         INFO     Succ: 157/182/190 | avg time: 85.03 s | avg iter: 159.47
06-15 20:13 root         INFO     Synthesis route found!
06-15 20:13 root         INFO     Final search status | success value | iter: 7.247678427831236 | 13.36846958833269 | 36
06-15 20:13 root         INFO     Succ: 158/183/190 | avg time: 84.65 s | avg iter: 158.79
06-15 20:13 root         INFO     Synthesis route found!
06-15 20:13 root         INFO     Final search status | success value | iter: 4.670105994309468 | 5.271617625885973 | 9
06-15 20:13 root         INFO     Succ: 159/184/190 | avg time: 84.21 s | avg iter: 157.98
06-15 20:17 root         INFO     Synthesis route found!
06-15 20:17 root         INFO     Final search status | success value | iter: 7.369115911072761 | 13.949315682633404 | 443
06-15 20:17 root         INFO     Succ: 160/185/190 | avg time: 84.83 s | avg iter: 159.52
06-15 20:17 root         INFO     Synthesis route found!
06-15 20:17 root         INFO     Final search status | success value | iter: 0.14651114479194535 | 0.006234685653477574 | 4
06-15 20:17 root         INFO     Succ: 161/186/190 | avg time: 84.39 s | avg iter: 158.68
06-15 20:20 root         INFO     Synthesis route found!
06-15 20:20 root         INFO     Final search status | success value | iter: 8.465449865871712 | 7.257248740643077 | 323
06-15 20:20 root         INFO     Succ: 162/187/190 | avg time: 84.83 s | avg iter: 159.56
06-15 20:20 root         INFO     Synthesis route found!
06-15 20:20 root         INFO     Final search status | success value | iter: 1.6171285330581768 | 0.15160419908640632 | 8
06-15 20:20 root         INFO     Succ: 163/188/190 | avg time: 84.40 s | avg iter: 158.76
06-15 20:22 root         INFO     Synthesis route found!
06-15 20:22 root         INFO     Final search status | success value | iter: 7.959429899340629 | 7.349252803425238 | 183
06-15 20:22 root         INFO     Succ: 164/189/190 | avg time: 84.65 s | avg iter: 158.88
06-15 20:26 root         INFO     Synthesis route found!
06-15 20:26 root         INFO     Final search status | success value | iter: 8.969477099506802 | 14.250511929068681 | 308
06-15 20:26 root         INFO     Succ: 165/190/190 | avg time: 85.41 s | avg iter: 159.67
